{"C:\\Users\\shiha\\OneDrive\\Desktop\\SE project\\full-elms-backend\\src\\app.ts": {"path":"C:\\Users\\shiha\\OneDrive\\Desktop\\SE project\\full-elms-backend\\src\\app.ts","statementMap":{"0":{"start":{"line":1,"column":0},"end":{"line":1,"column":30}},"1":{"start":{"line":2,"column":0},"end":{"line":2,"column":24}},"2":{"start":{"line":3,"column":0},"end":{"line":3,"column":28}},"3":{"start":{"line":4,"column":0},"end":{"line":4,"column":43}},"4":{"start":{"line":5,"column":0},"end":{"line":5,"column":36}},"5":{"start":{"line":6,"column":0},"end":{"line":6,"column":35}},"6":{"start":{"line":7,"column":0},"end":{"line":7,"column":28}},"7":{"start":{"line":8,"column":0},"end":{"line":8,"column":24}},"8":{"start":{"line":11,"column":0},"end":{"line":11,"column":16}},"9":{"start":{"line":14,"column":0},"end":{"line":14,"column":57}},"10":{"start":{"line":15,"column":0},"end":{"line":15,"column":59}},"11":{"start":{"line":16,"column":0},"end":{"line":16,"column":56}},"12":{"start":{"line":19,"column":0},"end":{"line":19,"column":39}},"13":{"start":{"line":20,"column":0},"end":{"line":20,"column":45}},"14":{"start":{"line":21,"column":0},"end":{"line":21,"column":45}},"15":{"start":{"line":22,"column":0},"end":{"line":22,"column":41}},"16":{"start":{"line":25,"column":0},"end":{"line":25,"column":60}},"17":{"start":{"line":29,"column":12},"end":{"line":29,"column":21}},"18":{"start":{"line":30,"column":19},"end":{"line":30,"column":36}},"19":{"start":{"line":33,"column":11},"end":{"line":38,"column":2}},"20":{"start":{"line":336,"column":9},"end":{"line":336,"column":11}},"21":{"start":{"line":41,"column":0},"end":{"line":41,"column":18}},"22":{"start":{"line":44,"column":0},"end":{"line":53,"column":4}},"23":{"start":{"line":56,"column":16},"end":{"line":64,"column":2}},"24":{"start":{"line":65,"column":0},"end":{"line":65,"column":26}},"25":{"start":{"line":68,"column":0},"end":{"line":68,"column":41}},"26":{"start":{"line":69,"column":0},"end":{"line":69,"column":63}},"27":{"start":{"line":72,"column":0},"end":{"line":72,"column":23}},"28":{"start":{"line":75,"column":0},"end":{"line":82,"column":3}},"29":{"start":{"line":76,"column":2},"end":{"line":81,"column":5}},"30":{"start":{"line":85,"column":0},"end":{"line":92,"column":4}},"31":{"start":{"line":88,"column":4},"end":{"line":90,"column":5}},"32":{"start":{"line":89,"column":6},"end":{"line":89,"column":55}},"33":{"start":{"line":95,"column":0},"end":{"line":95,"column":33}},"34":{"start":{"line":96,"column":0},"end":{"line":96,"column":39}},"35":{"start":{"line":97,"column":0},"end":{"line":97,"column":39}},"36":{"start":{"line":98,"column":0},"end":{"line":98,"column":35}},"37":{"start":{"line":101,"column":0},"end":{"line":271,"column":3}},"38":{"start":{"line":102,"column":2},"end":{"line":102,"column":47}},"39":{"start":{"line":105,"column":37},"end":{"line":105,"column":41}},"40":{"start":{"line":106,"column":39},"end":{"line":106,"column":43}},"41":{"start":{"line":109,"column":2},"end":{"line":113,"column":5}},"42":{"start":{"line":110,"column":4},"end":{"line":110,"column":32}},"43":{"start":{"line":111,"column":4},"end":{"line":111,"column":36}},"44":{"start":{"line":112,"column":4},"end":{"line":112,"column":85}},"45":{"start":{"line":116,"column":2},"end":{"line":150,"column":5}},"46":{"start":{"line":117,"column":41},"end":{"line":117,"column":45}},"47":{"start":{"line":119,"column":4},"end":{"line":149,"column":5}},"48":{"start":{"line":120,"column":19},"end":{"line":120,"column":28}},"49":{"start":{"line":123,"column":27},"end":{"line":129,"column":null}},"50":{"start":{"line":132,"column":6},"end":{"line":135,"column":7}},"51":{"start":{"line":133,"column":8},"end":{"line":133,"column":87}},"52":{"start":{"line":134,"column":8},"end":{"line":134,"column":15}},"53":{"start":{"line":137,"column":6},"end":{"line":137,"column":36}},"54":{"start":{"line":138,"column":6},"end":{"line":138,"column":83}},"55":{"start":{"line":141,"column":6},"end":{"line":145,"column":9}},"56":{"start":{"line":147,"column":6},"end":{"line":147,"column":47}},"57":{"start":{"line":148,"column":6},"end":{"line":148,"column":63}},"58":{"start":{"line":153,"column":2},"end":{"line":164,"column":5}},"59":{"start":{"line":154,"column":23},"end":{"line":154,"column":27}},"60":{"start":{"line":155,"column":4},"end":{"line":155,"column":35}},"61":{"start":{"line":156,"column":4},"end":{"line":156,"column":64}},"62":{"start":{"line":159,"column":4},"end":{"line":163,"column":7}},"63":{"start":{"line":167,"column":2},"end":{"line":215,"column":5}},"64":{"start":{"line":175,"column":92},"end":{"line":175,"column":96}},"65":{"start":{"line":177,"column":4},"end":{"line":214,"column":5}},"66":{"start":{"line":178,"column":19},"end":{"line":178,"column":28}},"67":{"start":{"line":181,"column":23},"end":{"line":184,"column":null}},"68":{"start":{"line":187,"column":25},"end":{"line":187,"column":48}},"69":{"start":{"line":190,"column":21},"end":{"line":192,"column":null}},"70":{"start":{"line":195,"column":26},"end":{"line":205,"column":8}},"71":{"start":{"line":208,"column":6},"end":{"line":208,"column":64}},"72":{"start":{"line":210,"column":6},"end":{"line":210,"column":90}},"73":{"start":{"line":212,"column":6},"end":{"line":212,"column":50}},"74":{"start":{"line":213,"column":6},"end":{"line":213,"column":66}},"75":{"start":{"line":218,"column":2},"end":{"line":249,"column":5}},"76":{"start":{"line":219,"column":42},"end":{"line":219,"column":46}},"77":{"start":{"line":221,"column":4},"end":{"line":248,"column":5}},"78":{"start":{"line":222,"column":19},"end":{"line":222,"column":28}},"79":{"start":{"line":225,"column":24},"end":{"line":227,"column":null}},"80":{"start":{"line":230,"column":6},"end":{"line":233,"column":7}},"81":{"start":{"line":231,"column":8},"end":{"line":231,"column":72}},"82":{"start":{"line":232,"column":8},"end":{"line":232,"column":15}},"83":{"start":{"line":236,"column":6},"end":{"line":239,"column":8}},"84":{"start":{"line":242,"column":6},"end":{"line":242,"column":77}},"85":{"start":{"line":244,"column":6},"end":{"line":244,"column":72}},"86":{"start":{"line":246,"column":6},"end":{"line":246,"column":52}},"87":{"start":{"line":247,"column":6},"end":{"line":247,"column":68}},"88":{"start":{"line":252,"column":2},"end":{"line":258,"column":5}},"89":{"start":{"line":253,"column":4},"end":{"line":257,"column":7}},"90":{"start":{"line":260,"column":2},"end":{"line":265,"column":5}},"91":{"start":{"line":261,"column":4},"end":{"line":264,"column":7}},"92":{"start":{"line":268,"column":2},"end":{"line":270,"column":5}},"93":{"start":{"line":269,"column":4},"end":{"line":269,"column":81}},"94":{"start":{"line":274,"column":0},"end":{"line":274,"column":27}},"95":{"start":{"line":277,"column":0},"end":{"line":282,"column":3}},"96":{"start":{"line":278,"column":2},"end":{"line":281,"column":5}},"97":{"start":{"line":285,"column":0},"end":{"line":285,"column":22}},"98":{"start":{"line":288,"column":13},"end":{"line":288,"column":37}},"99":{"start":{"line":291,"column":2},"end":{"line":307,"column":3}},"100":{"start":{"line":293,"column":4},"end":{"line":293,"column":28}},"101":{"start":{"line":294,"column":4},"end":{"line":294,"column":53}},"102":{"start":{"line":297,"column":4},"end":{"line":302,"column":7}},"103":{"start":{"line":298,"column":6},"end":{"line":298,"column":68}},"104":{"start":{"line":299,"column":6},"end":{"line":299,"column":70}},"105":{"start":{"line":300,"column":6},"end":{"line":300,"column":67}},"106":{"start":{"line":301,"column":6},"end":{"line":301,"column":78}},"107":{"start":{"line":305,"column":4},"end":{"line":305,"column":54}},"108":{"start":{"line":306,"column":4},"end":{"line":306,"column":20}},"109":{"start":{"line":311,"column":0},"end":{"line":316,"column":3}},"110":{"start":{"line":312,"column":2},"end":{"line":312,"column":61}},"111":{"start":{"line":313,"column":2},"end":{"line":315,"column":5}},"112":{"start":{"line":314,"column":4},"end":{"line":314,"column":20}},"113":{"start":{"line":319,"column":0},"end":{"line":322,"column":3}},"114":{"start":{"line":320,"column":2},"end":{"line":320,"column":52}},"115":{"start":{"line":321,"column":2},"end":{"line":321,"column":18}},"116":{"start":{"line":325,"column":0},"end":{"line":330,"column":3}},"117":{"start":{"line":326,"column":2},"end":{"line":326,"column":63}},"118":{"start":{"line":327,"column":2},"end":{"line":329,"column":5}},"119":{"start":{"line":328,"column":4},"end":{"line":328,"column":20}},"120":{"start":{"line":333,"column":0},"end":{"line":333,"column":14}},"121":{"start":{"line":335,"column":0},"end":{"line":335,"column":19}}},"fnMap":{"0":{"name":"(anonymous_1)","decl":{"start":{"line":75,"column":19},"end":{"line":75,"column":20}},"loc":{"start":{"line":75,"column":32},"end":{"line":82,"column":1}}},"1":{"name":"(anonymous_2)","decl":{"start":{"line":86,"column":14},"end":{"line":86,"column":15}},"loc":{"start":{"line":86,"column":28},"end":{"line":91,"column":3}}},"2":{"name":"(anonymous_3)","decl":{"start":{"line":101,"column":20},"end":{"line":101,"column":21}},"loc":{"start":{"line":101,"column":31},"end":{"line":271,"column":1}}},"3":{"name":"(anonymous_4)","decl":{"start":{"line":109,"column":28},"end":{"line":109,"column":33}},"loc":{"start":{"line":109,"column":81},"end":{"line":113,"column":3}}},"4":{"name":"(anonymous_5)","decl":{"start":{"line":116,"column":25},"end":{"line":116,"column":30}},"loc":{"start":{"line":116,"column":94},"end":{"line":150,"column":3}}},"5":{"name":"(anonymous_6)","decl":{"start":{"line":153,"column":26},"end":{"line":153,"column":27}},"loc":{"start":{"line":153,"column":55},"end":{"line":164,"column":3}}},"6":{"name":"(anonymous_7)","decl":{"start":{"line":167,"column":28},"end":{"line":167,"column":33}},"loc":{"start":{"line":174,"column":7},"end":{"line":215,"column":3}}},"7":{"name":"(anonymous_8)","decl":{"start":{"line":218,"column":30},"end":{"line":218,"column":35}},"loc":{"start":{"line":218,"column":100},"end":{"line":249,"column":3}}},"8":{"name":"(anonymous_9)","decl":{"start":{"line":252,"column":28},"end":{"line":252,"column":29}},"loc":{"start":{"line":252,"column":91},"end":{"line":258,"column":3}}},"9":{"name":"(anonymous_10)","decl":{"start":{"line":260,"column":27},"end":{"line":260,"column":28}},"loc":{"start":{"line":260,"column":72},"end":{"line":265,"column":3}}},"10":{"name":"(anonymous_11)","decl":{"start":{"line":268,"column":26},"end":{"line":268,"column":29}},"loc":{"start":{"line":268,"column":31},"end":{"line":270,"column":3}}},"11":{"name":"(anonymous_12)","decl":{"start":{"line":277,"column":8},"end":{"line":277,"column":9}},"loc":{"start":{"line":277,"column":21},"end":{"line":282,"column":1}}},"12":{"name":"startServer","decl":{"start":{"line":290,"column":15},"end":{"line":290,"column":26}},"loc":{"start":{"line":290,"column":26},"end":{"line":308,"column":1}}},"13":{"name":"(anonymous_14)","decl":{"start":{"line":297,"column":28},"end":{"line":297,"column":31}},"loc":{"start":{"line":297,"column":33},"end":{"line":302,"column":5}}},"14":{"name":"(anonymous_15)","decl":{"start":{"line":311,"column":33},"end":{"line":311,"column":34}},"loc":{"start":{"line":311,"column":48},"end":{"line":316,"column":1}}},"15":{"name":"(anonymous_16)","decl":{"start":{"line":313,"column":19},"end":{"line":313,"column":22}},"loc":{"start":{"line":313,"column":24},"end":{"line":315,"column":3}}},"16":{"name":"(anonymous_17)","decl":{"start":{"line":319,"column":32},"end":{"line":319,"column":33}},"loc":{"start":{"line":319,"column":47},"end":{"line":322,"column":1}}},"17":{"name":"(anonymous_18)","decl":{"start":{"line":325,"column":22},"end":{"line":325,"column":25}},"loc":{"start":{"line":325,"column":27},"end":{"line":330,"column":1}}},"18":{"name":"(anonymous_19)","decl":{"start":{"line":327,"column":19},"end":{"line":327,"column":22}},"loc":{"start":{"line":327,"column":24},"end":{"line":329,"column":3}}}},"branchMap":{"0":{"loc":{"start":{"line":35,"column":12},"end":{"line":35,"column":63}},"type":"binary-expr","locations":[{"start":{"line":35,"column":12},"end":{"line":35,"column":36}},{"start":{"line":35,"column":40},"end":{"line":35,"column":63}}]},"1":{"loc":{"start":{"line":46,"column":4},"end":{"line":46,"column":55}},"type":"binary-expr","locations":[{"start":{"line":46,"column":4},"end":{"line":46,"column":28}},{"start":{"line":46,"column":32},"end":{"line":46,"column":55}}]},"2":{"loc":{"start":{"line":57,"column":21},"end":{"line":57,"column":65}},"type":"binary-expr","locations":[{"start":{"line":57,"column":21},"end":{"line":57,"column":53}},{"start":{"line":57,"column":57},"end":{"line":57,"column":65}}]},"3":{"loc":{"start":{"line":58,"column":16},"end":{"line":58,"column":61}},"type":"binary-expr","locations":[{"start":{"line":58,"column":16},"end":{"line":58,"column":51}},{"start":{"line":58,"column":55},"end":{"line":58,"column":61}}]},"4":{"loc":{"start":{"line":88,"column":4},"end":{"line":90,"column":5}},"type":"if","locations":[{"start":{"line":88,"column":4},"end":{"line":90,"column":5}}]},"5":{"loc":{"start":{"line":132,"column":6},"end":{"line":135,"column":7}},"type":"if","locations":[{"start":{"line":132,"column":6},"end":{"line":135,"column":7}}]},"6":{"loc":{"start":{"line":175,"column":51},"end":{"line":175,"column":71}},"type":"default-arg","locations":[{"start":{"line":175,"column":65},"end":{"line":175,"column":71}}]},"7":{"loc":{"start":{"line":175,"column":73},"end":{"line":175,"column":87}},"type":"default-arg","locations":[{"start":{"line":175,"column":83},"end":{"line":175,"column":87}}]},"8":{"loc":{"start":{"line":200,"column":23},"end":{"line":200,"column":50}},"type":"binary-expr","locations":[{"start":{"line":200,"column":23},"end":{"line":200,"column":42}},{"start":{"line":200,"column":46},"end":{"line":200,"column":50}}]},"9":{"loc":{"start":{"line":230,"column":6},"end":{"line":233,"column":7}},"type":"if","locations":[{"start":{"line":230,"column":6},"end":{"line":233,"column":7}}]},"10":{"loc":{"start":{"line":230,"column":10},"end":{"line":230,"column":65}},"type":"binary-expr","locations":[{"start":{"line":230,"column":10},"end":{"line":230,"column":30}},{"start":{"line":230,"column":34},"end":{"line":230,"column":65}}]},"11":{"loc":{"start":{"line":269,"column":51},"end":{"line":269,"column":79}},"type":"binary-expr","locations":[{"start":{"line":269,"column":51},"end":{"line":269,"column":66}},{"start":{"line":269,"column":70},"end":{"line":269,"column":79}}]},"12":{"loc":{"start":{"line":288,"column":13},"end":{"line":288,"column":37}},"type":"binary-expr","locations":[{"start":{"line":288,"column":13},"end":{"line":288,"column":29}},{"start":{"line":288,"column":33},"end":{"line":288,"column":37}}]},"13":{"loc":{"start":{"line":301,"column":37},"end":{"line":301,"column":74}},"type":"binary-expr","locations":[{"start":{"line":301,"column":37},"end":{"line":301,"column":57}},{"start":{"line":301,"column":61},"end":{"line":301,"column":74}}]}},"s":{"0":0,"1":0,"2":0,"3":0,"4":0,"5":0,"6":0,"7":0,"8":0,"9":0,"10":0,"11":0,"12":0,"13":0,"14":0,"15":0,"16":0,"17":0,"18":0,"19":0,"20":0,"21":0,"22":0,"23":0,"24":0,"25":0,"26":0,"27":0,"28":0,"29":0,"30":0,"31":0,"32":0,"33":0,"34":0,"35":0,"36":0,"37":0,"38":0,"39":0,"40":0,"41":0,"42":0,"43":0,"44":0,"45":0,"46":0,"47":0,"48":0,"49":0,"50":0,"51":0,"52":0,"53":0,"54":0,"55":0,"56":0,"57":0,"58":0,"59":0,"60":0,"61":0,"62":0,"63":0,"64":0,"65":0,"66":0,"67":0,"68":0,"69":0,"70":0,"71":0,"72":0,"73":0,"74":0,"75":0,"76":0,"77":0,"78":0,"79":0,"80":0,"81":0,"82":0,"83":0,"84":0,"85":0,"86":0,"87":0,"88":0,"89":0,"90":0,"91":0,"92":0,"93":0,"94":0,"95":0,"96":0,"97":0,"98":0,"99":0,"100":0,"101":0,"102":0,"103":0,"104":0,"105":0,"106":0,"107":0,"108":0,"109":0,"110":0,"111":0,"112":0,"113":0,"114":0,"115":0,"116":0,"117":0,"118":0,"119":0,"120":0,"121":0},"f":{"0":0,"1":0,"2":0,"3":0,"4":0,"5":0,"6":0,"7":0,"8":0,"9":0,"10":0,"11":0,"12":0,"13":0,"14":0,"15":0,"16":0,"17":0,"18":0},"b":{"0":[0,0],"1":[0,0],"2":[0,0],"3":[0,0],"4":[0],"5":[0],"6":[0],"7":[0],"8":[0,0],"9":[0],"10":[0,0],"11":[0,0],"12":[0,0],"13":[0,0]}}
,"C:\\Users\\shiha\\OneDrive\\Desktop\\SE project\\full-elms-backend\\src\\controllers\\adminController.ts": {"path":"C:\\Users\\shiha\\OneDrive\\Desktop\\SE project\\full-elms-backend\\src\\controllers\\adminController.ts","statementMap":{"0":{"start":{"line":2,"column":0},"end":{"line":2,"column":44}},"1":{"start":{"line":14,"column":4},"end":{"line":73,"column":5}},"2":{"start":{"line":15,"column":19},"end":{"line":15,"column":58}},"3":{"start":{"line":16,"column":20},"end":{"line":16,"column":61}},"4":{"start":{"line":17,"column":21},"end":{"line":17,"column":39}},"5":{"start":{"line":19,"column":25},"end":{"line":19,"column":34}},"6":{"start":{"line":22,"column":24},"end":{"line":43,"column":25}},"7":{"start":{"line":46,"column":28},"end":{"line":48,"column":8}},"8":{"start":{"line":50,"column":21},"end":{"line":50,"column":61}},"9":{"start":{"line":51,"column":25},"end":{"line":51,"column":49}},"10":{"start":{"line":53,"column":6},"end":{"line":66,"column":9}},"11":{"start":{"line":68,"column":6},"end":{"line":68,"column":49}},"12":{"start":{"line":69,"column":6},"end":{"line":72,"column":9}},"13":{"start":{"line":81,"column":4},"end":{"line":136,"column":5}},"14":{"start":{"line":89,"column":10},"end":{"line":89,"column":18}},"15":{"start":{"line":91,"column":25},"end":{"line":91,"column":34}},"16":{"start":{"line":94,"column":31},"end":{"line":96,"column":null}},"17":{"start":{"line":99,"column":6},"end":{"line":104,"column":7}},"18":{"start":{"line":100,"column":8},"end":{"line":103,"column":11}},"19":{"start":{"line":107,"column":23},"end":{"line":110,"column":null}},"20":{"start":{"line":113,"column":24},"end":{"line":113,"column":59}},"21":{"start":{"line":115,"column":6},"end":{"line":129,"column":9}},"22":{"start":{"line":131,"column":6},"end":{"line":131,"column":51}},"23":{"start":{"line":132,"column":6},"end":{"line":135,"column":9}},"24":{"start":{"line":144,"column":4},"end":{"line":201,"column":5}},"25":{"start":{"line":145,"column":23},"end":{"line":145,"column":36}},"26":{"start":{"line":153,"column":10},"end":{"line":153,"column":18}},"27":{"start":{"line":155,"column":25},"end":{"line":155,"column":34}},"28":{"start":{"line":158,"column":31},"end":{"line":160,"column":null}},"29":{"start":{"line":163,"column":6},"end":{"line":168,"column":7}},"30":{"start":{"line":164,"column":8},"end":{"line":167,"column":11}},"31":{"start":{"line":171,"column":26},"end":{"line":173,"column":null}},"32":{"start":{"line":176,"column":6},"end":{"line":181,"column":7}},"33":{"start":{"line":177,"column":8},"end":{"line":180,"column":11}},"34":{"start":{"line":183,"column":6},"end":{"line":189,"column":8}},"35":{"start":{"line":191,"column":6},"end":{"line":194,"column":9}},"36":{"start":{"line":196,"column":6},"end":{"line":196,"column":51}},"37":{"start":{"line":197,"column":6},"end":{"line":200,"column":9}},"38":{"start":{"line":209,"column":4},"end":{"line":256,"column":5}},"39":{"start":{"line":210,"column":23},"end":{"line":210,"column":36}},"40":{"start":{"line":211,"column":25},"end":{"line":211,"column":34}},"41":{"start":{"line":214,"column":31},"end":{"line":216,"column":null}},"42":{"start":{"line":219,"column":6},"end":{"line":224,"column":7}},"43":{"start":{"line":220,"column":8},"end":{"line":223,"column":11}},"44":{"start":{"line":227,"column":28},"end":{"line":229,"column":null}},"45":{"start":{"line":232,"column":31},"end":{"line":232,"column":71}},"46":{"start":{"line":234,"column":6},"end":{"line":239,"column":7}},"47":{"start":{"line":235,"column":8},"end":{"line":238,"column":11}},"48":{"start":{"line":241,"column":6},"end":{"line":244,"column":8}},"49":{"start":{"line":246,"column":6},"end":{"line":249,"column":9}},"50":{"start":{"line":251,"column":6},"end":{"line":251,"column":51}},"51":{"start":{"line":252,"column":6},"end":{"line":255,"column":9}},"52":{"start":{"line":266,"column":4},"end":{"line":331,"column":5}},"53":{"start":{"line":267,"column":19},"end":{"line":267,"column":58}},"54":{"start":{"line":268,"column":20},"end":{"line":268,"column":61}},"55":{"start":{"line":269,"column":19},"end":{"line":269,"column":43}},"56":{"start":{"line":270,"column":21},"end":{"line":270,"column":47}},"57":{"start":{"line":271,"column":21},"end":{"line":271,"column":39}},"58":{"start":{"line":273,"column":25},"end":{"line":273,"column":34}},"59":{"start":{"line":275,"column":24},"end":{"line":275,"column":35}},"60":{"start":{"line":276,"column":28},"end":{"line":276,"column":30}},"61":{"start":{"line":278,"column":6},"end":{"line":281,"column":7}},"62":{"start":{"line":279,"column":8},"end":{"line":279,"column":39}},"63":{"start":{"line":280,"column":8},"end":{"line":280,"column":26}},"64":{"start":{"line":283,"column":6},"end":{"line":287,"column":7}},"65":{"start":{"line":284,"column":8},"end":{"line":284,"column":86}},"66":{"start":{"line":285,"column":27},"end":{"line":285,"column":40}},"67":{"start":{"line":286,"column":8},"end":{"line":286,"column":56}},"68":{"start":{"line":290,"column":22},"end":{"line":301,"column":36}},"69":{"start":{"line":304,"column":28},"end":{"line":306,"column":16}},"70":{"start":{"line":308,"column":21},"end":{"line":308,"column":61}},"71":{"start":{"line":309,"column":25},"end":{"line":309,"column":49}},"72":{"start":{"line":311,"column":6},"end":{"line":324,"column":9}},"73":{"start":{"line":326,"column":6},"end":{"line":326,"column":47}},"74":{"start":{"line":327,"column":6},"end":{"line":330,"column":9}},"75":{"start":{"line":339,"column":4},"end":{"line":365,"column":5}},"76":{"start":{"line":340,"column":25},"end":{"line":340,"column":34}},"77":{"start":{"line":342,"column":25},"end":{"line":353,"column":8}},"78":{"start":{"line":355,"column":6},"end":{"line":358,"column":9}},"79":{"start":{"line":360,"column":6},"end":{"line":360,"column":50}},"80":{"start":{"line":361,"column":6},"end":{"line":364,"column":9}},"81":{"start":{"line":373,"column":4},"end":{"line":420,"column":5}},"82":{"start":{"line":374,"column":40},"end":{"line":374,"column":48}},"83":{"start":{"line":376,"column":25},"end":{"line":376,"column":34}},"84":{"start":{"line":379,"column":24},"end":{"line":381,"column":null}},"85":{"start":{"line":384,"column":6},"end":{"line":389,"column":7}},"86":{"start":{"line":385,"column":8},"end":{"line":388,"column":11}},"87":{"start":{"line":392,"column":23},"end":{"line":394,"column":null}},"88":{"start":{"line":397,"column":6},"end":{"line":402,"column":7}},"89":{"start":{"line":398,"column":8},"end":{"line":401,"column":11}},"90":{"start":{"line":405,"column":6},"end":{"line":408,"column":8}},"91":{"start":{"line":410,"column":6},"end":{"line":413,"column":9}},"92":{"start":{"line":415,"column":6},"end":{"line":415,"column":52}},"93":{"start":{"line":416,"column":6},"end":{"line":419,"column":9}},"94":{"start":{"line":428,"column":4},"end":{"line":462,"column":5}},"95":{"start":{"line":429,"column":28},"end":{"line":429,"column":36}},"96":{"start":{"line":431,"column":25},"end":{"line":431,"column":34}},"97":{"start":{"line":434,"column":23},"end":{"line":436,"column":null}},"98":{"start":{"line":439,"column":6},"end":{"line":444,"column":7}},"99":{"start":{"line":440,"column":8},"end":{"line":443,"column":11}},"100":{"start":{"line":447,"column":6},"end":{"line":450,"column":8}},"101":{"start":{"line":452,"column":6},"end":{"line":455,"column":9}},"102":{"start":{"line":457,"column":6},"end":{"line":457,"column":63}},"103":{"start":{"line":458,"column":6},"end":{"line":461,"column":9}},"104":{"start":{"line":472,"column":4},"end":{"line":499,"column":5}},"105":{"start":{"line":473,"column":23},"end":{"line":473,"column":42}},"106":{"start":{"line":474,"column":25},"end":{"line":474,"column":34}},"107":{"start":{"line":476,"column":28},"end":{"line":487,"column":20}},"108":{"start":{"line":489,"column":6},"end":{"line":492,"column":9}},"109":{"start":{"line":494,"column":6},"end":{"line":494,"column":60}},"110":{"start":{"line":495,"column":6},"end":{"line":498,"column":9}},"111":{"start":{"line":507,"column":4},"end":{"line":589,"column":5}},"112":{"start":{"line":508,"column":41},"end":{"line":508,"column":49}},"113":{"start":{"line":510,"column":25},"end":{"line":510,"column":34}},"114":{"start":{"line":513,"column":24},"end":{"line":515,"column":null}},"115":{"start":{"line":518,"column":6},"end":{"line":523,"column":7}},"116":{"start":{"line":519,"column":8},"end":{"line":522,"column":11}},"117":{"start":{"line":525,"column":26},"end":{"line":525,"column":36}},"118":{"start":{"line":528,"column":24},"end":{"line":534,"column":null}},"119":{"start":{"line":537,"column":6},"end":{"line":542,"column":7}},"120":{"start":{"line":538,"column":8},"end":{"line":541,"column":11}},"121":{"start":{"line":544,"column":26},"end":{"line":544,"column":36}},"122":{"start":{"line":547,"column":6},"end":{"line":552,"column":7}},"123":{"start":{"line":548,"column":8},"end":{"line":551,"column":11}},"124":{"start":{"line":555,"column":35},"end":{"line":557,"column":null}},"125":{"start":{"line":560,"column":6},"end":{"line":565,"column":7}},"126":{"start":{"line":561,"column":8},"end":{"line":564,"column":11}},"127":{"start":{"line":568,"column":6},"end":{"line":571,"column":8}},"128":{"start":{"line":574,"column":6},"end":{"line":577,"column":8}},"129":{"start":{"line":579,"column":6},"end":{"line":582,"column":9}},"130":{"start":{"line":584,"column":6},"end":{"line":584,"column":52}},"131":{"start":{"line":585,"column":6},"end":{"line":588,"column":9}},"132":{"start":{"line":597,"column":4},"end":{"line":641,"column":5}},"133":{"start":{"line":598,"column":27},"end":{"line":598,"column":50}},"134":{"start":{"line":600,"column":25},"end":{"line":600,"column":34}},"135":{"start":{"line":603,"column":27},"end":{"line":605,"column":null}},"136":{"start":{"line":608,"column":6},"end":{"line":613,"column":7}},"137":{"start":{"line":609,"column":8},"end":{"line":612,"column":11}},"138":{"start":{"line":615,"column":24},"end":{"line":615,"column":48}},"139":{"start":{"line":618,"column":6},"end":{"line":621,"column":8}},"140":{"start":{"line":624,"column":6},"end":{"line":629,"column":7}},"141":{"start":{"line":625,"column":8},"end":{"line":628,"column":10}},"142":{"start":{"line":631,"column":6},"end":{"line":634,"column":9}},"143":{"start":{"line":636,"column":6},"end":{"line":636,"column":55}},"144":{"start":{"line":637,"column":6},"end":{"line":640,"column":9}},"145":{"start":{"line":653,"column":4},"end":{"line":706,"column":5}},"146":{"start":{"line":654,"column":24},"end":{"line":654,"column":37}},"147":{"start":{"line":655,"column":25},"end":{"line":655,"column":34}},"148":{"start":{"line":658,"column":24},"end":{"line":666,"column":21}},"149":{"start":{"line":668,"column":6},"end":{"line":673,"column":7}},"150":{"start":{"line":669,"column":8},"end":{"line":672,"column":11}},"151":{"start":{"line":676,"column":24},"end":{"line":691,"column":21}},"152":{"start":{"line":693,"column":6},"end":{"line":699,"column":9}},"153":{"start":{"line":701,"column":6},"end":{"line":701,"column":57}},"154":{"start":{"line":702,"column":6},"end":{"line":705,"column":9}},"155":{"start":{"line":714,"column":4},"end":{"line":768,"column":5}},"156":{"start":{"line":715,"column":24},"end":{"line":715,"column":37}},"157":{"start":{"line":716,"column":25},"end":{"line":716,"column":34}},"158":{"start":{"line":719,"column":24},"end":{"line":727,"column":21}},"159":{"start":{"line":729,"column":6},"end":{"line":734,"column":7}},"160":{"start":{"line":730,"column":8},"end":{"line":733,"column":11}},"161":{"start":{"line":737,"column":24},"end":{"line":753,"column":21}},"162":{"start":{"line":755,"column":6},"end":{"line":761,"column":9}},"163":{"start":{"line":763,"column":6},"end":{"line":763,"column":57}},"164":{"start":{"line":764,"column":6},"end":{"line":767,"column":9}},"165":{"start":{"line":776,"column":4},"end":{"line":833,"column":5}},"166":{"start":{"line":777,"column":23},"end":{"line":777,"column":36}},"167":{"start":{"line":778,"column":25},"end":{"line":778,"column":34}},"168":{"start":{"line":781,"column":23},"end":{"line":797,"column":20}},"169":{"start":{"line":799,"column":6},"end":{"line":804,"column":7}},"170":{"start":{"line":800,"column":8},"end":{"line":803,"column":11}},"171":{"start":{"line":807,"column":25},"end":{"line":818,"column":20}},"172":{"start":{"line":820,"column":6},"end":{"line":826,"column":9}},"173":{"start":{"line":828,"column":6},"end":{"line":828,"column":56}},"174":{"start":{"line":829,"column":6},"end":{"line":832,"column":9}},"175":{"start":{"line":843,"column":4},"end":{"line":890,"column":5}},"176":{"start":{"line":844,"column":40},"end":{"line":844,"column":48}},"177":{"start":{"line":845,"column":25},"end":{"line":845,"column":34}},"178":{"start":{"line":848,"column":29},"end":{"line":850,"column":null}},"179":{"start":{"line":853,"column":6},"end":{"line":858,"column":7}},"180":{"start":{"line":854,"column":8},"end":{"line":857,"column":11}},"181":{"start":{"line":861,"column":21},"end":{"line":861,"column":40}},"182":{"start":{"line":862,"column":25},"end":{"line":862,"column":27}},"183":{"start":{"line":863,"column":29},"end":{"line":863,"column":68}},"184":{"start":{"line":866,"column":23},"end":{"line":869,"column":null}},"185":{"start":{"line":872,"column":25},"end":{"line":872,"column":60}},"186":{"start":{"line":874,"column":6},"end":{"line":883,"column":9}},"187":{"start":{"line":885,"column":6},"end":{"line":885,"column":52}},"188":{"start":{"line":886,"column":6},"end":{"line":889,"column":9}},"189":{"start":{"line":898,"column":4},"end":{"line":945,"column":5}},"190":{"start":{"line":899,"column":40},"end":{"line":899,"column":48}},"191":{"start":{"line":900,"column":25},"end":{"line":900,"column":34}},"192":{"start":{"line":903,"column":29},"end":{"line":905,"column":null}},"193":{"start":{"line":908,"column":6},"end":{"line":913,"column":7}},"194":{"start":{"line":909,"column":8},"end":{"line":912,"column":11}},"195":{"start":{"line":916,"column":21},"end":{"line":916,"column":40}},"196":{"start":{"line":917,"column":25},"end":{"line":917,"column":27}},"197":{"start":{"line":918,"column":29},"end":{"line":918,"column":68}},"198":{"start":{"line":921,"column":23},"end":{"line":924,"column":null}},"199":{"start":{"line":927,"column":25},"end":{"line":927,"column":60}},"200":{"start":{"line":929,"column":6},"end":{"line":938,"column":9}},"201":{"start":{"line":940,"column":6},"end":{"line":940,"column":52}},"202":{"start":{"line":941,"column":6},"end":{"line":944,"column":9}},"203":{"start":{"line":953,"column":4},"end":{"line":1012,"column":5}},"204":{"start":{"line":954,"column":25},"end":{"line":954,"column":34}},"205":{"start":{"line":957,"column":26},"end":{"line":963,"column":8}},"206":{"start":{"line":966,"column":28},"end":{"line":971,"column":8}},"207":{"start":{"line":974,"column":28},"end":{"line":978,"column":8}},"208":{"start":{"line":980,"column":30},"end":{"line":984,"column":8}},"209":{"start":{"line":987,"column":30},"end":{"line":992,"column":8}},"210":{"start":{"line":994,"column":6},"end":{"line":1005,"column":9}},"211":{"start":{"line":1007,"column":6},"end":{"line":1007,"column":54}},"212":{"start":{"line":1008,"column":6},"end":{"line":1011,"column":9}},"213":{"start":{"line":1022,"column":4},"end":{"line":1104,"column":5}},"214":{"start":{"line":1023,"column":25},"end":{"line":1023,"column":34}},"215":{"start":{"line":1025,"column":23},"end":{"line":1092,"column":8}},"216":{"start":{"line":1094,"column":6},"end":{"line":1097,"column":9}},"217":{"start":{"line":1099,"column":6},"end":{"line":1099,"column":56}},"218":{"start":{"line":1100,"column":6},"end":{"line":1103,"column":9}},"219":{"start":{"line":1112,"column":4},"end":{"line":1150,"column":5}},"220":{"start":{"line":1113,"column":59},"end":{"line":1113,"column":67}},"221":{"start":{"line":1114,"column":25},"end":{"line":1114,"column":34}},"222":{"start":{"line":1116,"column":23},"end":{"line":1119,"column":82}},"223":{"start":{"line":1121,"column":23},"end":{"line":1121,"column":58}},"224":{"start":{"line":1124,"column":6},"end":{"line":1130,"column":7}},"225":{"start":{"line":1125,"column":8},"end":{"line":1129,"column":26}},"226":{"start":{"line":1132,"column":6},"end":{"line":1143,"column":9}},"227":{"start":{"line":1145,"column":6},"end":{"line":1145,"column":61}},"228":{"start":{"line":1146,"column":6},"end":{"line":1149,"column":9}},"229":{"start":{"line":1158,"column":4},"end":{"line":1179,"column":5}},"230":{"start":{"line":1159,"column":22},"end":{"line":1159,"column":35}},"231":{"start":{"line":1160,"column":59},"end":{"line":1160,"column":67}},"232":{"start":{"line":1161,"column":25},"end":{"line":1161,"column":34}},"233":{"start":{"line":1163,"column":6},"end":{"line":1167,"column":62}},"234":{"start":{"line":1169,"column":6},"end":{"line":1172,"column":9}},"235":{"start":{"line":1174,"column":6},"end":{"line":1174,"column":61}},"236":{"start":{"line":1175,"column":6},"end":{"line":1178,"column":9}},"237":{"start":{"line":1187,"column":4},"end":{"line":1203,"column":5}},"238":{"start":{"line":1188,"column":22},"end":{"line":1188,"column":35}},"239":{"start":{"line":1189,"column":25},"end":{"line":1189,"column":34}},"240":{"start":{"line":1191,"column":6},"end":{"line":1191,"column":88}},"241":{"start":{"line":1193,"column":6},"end":{"line":1196,"column":9}},"242":{"start":{"line":1198,"column":6},"end":{"line":1198,"column":61}},"243":{"start":{"line":1199,"column":6},"end":{"line":1202,"column":9}},"244":{"start":{"line":1211,"column":4},"end":{"line":1259,"column":5}},"245":{"start":{"line":1212,"column":58},"end":{"line":1212,"column":67}},"246":{"start":{"line":1213,"column":25},"end":{"line":1213,"column":34}},"247":{"start":{"line":1215,"column":28},"end":{"line":1215,"column":30}},"248":{"start":{"line":1216,"column":24},"end":{"line":1216,"column":26}},"249":{"start":{"line":1218,"column":6},"end":{"line":1221,"column":7}},"250":{"start":{"line":1219,"column":8},"end":{"line":1219,"column":43}},"251":{"start":{"line":1220,"column":8},"end":{"line":1220,"column":31}},"252":{"start":{"line":1223,"column":6},"end":{"line":1226,"column":7}},"253":{"start":{"line":1224,"column":8},"end":{"line":1224,"column":50}},"254":{"start":{"line":1225,"column":8},"end":{"line":1225,"column":49}},"255":{"start":{"line":1228,"column":26},"end":{"line":1228,"column":100}},"256":{"start":{"line":1230,"column":6},"end":{"line":1230,"column":74}},"257":{"start":{"line":1232,"column":30},"end":{"line":1247,"column":21}},"258":{"start":{"line":1249,"column":6},"end":{"line":1252,"column":9}},"259":{"start":{"line":1254,"column":6},"end":{"line":1254,"column":55}},"260":{"start":{"line":1255,"column":6},"end":{"line":1258,"column":9}},"261":{"start":{"line":1267,"column":4},"end":{"line":1296,"column":5}},"262":{"start":{"line":1268,"column":46},"end":{"line":1268,"column":54}},"263":{"start":{"line":1269,"column":25},"end":{"line":1269,"column":34}},"264":{"start":{"line":1271,"column":26},"end":{"line":1271,"column":28}},"265":{"start":{"line":1272,"column":24},"end":{"line":1272,"column":39}},"266":{"start":{"line":1274,"column":6},"end":{"line":1278,"column":7}},"267":{"start":{"line":1275,"column":26},"end":{"line":1275,"column":64}},"268":{"start":{"line":1275,"column":49},"end":{"line":1275,"column":52}},"269":{"start":{"line":1276,"column":8},"end":{"line":1276,"column":55}},"270":{"start":{"line":1277,"column":8},"end":{"line":1277,"column":42}},"271":{"start":{"line":1280,"column":6},"end":{"line":1284,"column":22}},"272":{"start":{"line":1286,"column":6},"end":{"line":1289,"column":9}},"273":{"start":{"line":1291,"column":6},"end":{"line":1291,"column":60}},"274":{"start":{"line":1292,"column":6},"end":{"line":1295,"column":9}},"275":{"start":{"line":6,"column":0},"end":{"line":6,"column":13}}},"fnMap":{"0":{"name":"(anonymous_0)","decl":{"start":{"line":13,"column":2},"end":{"line":13,"column":8}},"loc":{"start":{"line":13,"column":66},"end":{"line":74,"column":3}}},"1":{"name":"(anonymous_1)","decl":{"start":{"line":80,"column":2},"end":{"line":80,"column":8}},"loc":{"start":{"line":80,"column":68},"end":{"line":137,"column":3}}},"2":{"name":"(anonymous_2)","decl":{"start":{"line":143,"column":2},"end":{"line":143,"column":8}},"loc":{"start":{"line":143,"column":68},"end":{"line":202,"column":3}}},"3":{"name":"(anonymous_3)","decl":{"start":{"line":208,"column":2},"end":{"line":208,"column":8}},"loc":{"start":{"line":208,"column":68},"end":{"line":257,"column":3}}},"4":{"name":"(anonymous_4)","decl":{"start":{"line":265,"column":2},"end":{"line":265,"column":8}},"loc":{"start":{"line":265,"column":64},"end":{"line":332,"column":3}}},"5":{"name":"(anonymous_5)","decl":{"start":{"line":338,"column":2},"end":{"line":338,"column":8}},"loc":{"start":{"line":338,"column":67},"end":{"line":366,"column":3}}},"6":{"name":"(anonymous_6)","decl":{"start":{"line":372,"column":2},"end":{"line":372,"column":8}},"loc":{"start":{"line":372,"column":69},"end":{"line":421,"column":3}}},"7":{"name":"(anonymous_7)","decl":{"start":{"line":427,"column":2},"end":{"line":427,"column":8}},"loc":{"start":{"line":427,"column":79},"end":{"line":463,"column":3}}},"8":{"name":"(anonymous_8)","decl":{"start":{"line":471,"column":2},"end":{"line":471,"column":8}},"loc":{"start":{"line":471,"column":76},"end":{"line":500,"column":3}}},"9":{"name":"(anonymous_9)","decl":{"start":{"line":506,"column":2},"end":{"line":506,"column":8}},"loc":{"start":{"line":506,"column":69},"end":{"line":590,"column":3}}},"10":{"name":"(anonymous_10)","decl":{"start":{"line":596,"column":2},"end":{"line":596,"column":8}},"loc":{"start":{"line":596,"column":72},"end":{"line":642,"column":3}}},"11":{"name":"(anonymous_11)","decl":{"start":{"line":652,"column":2},"end":{"line":652,"column":8}},"loc":{"start":{"line":652,"column":73},"end":{"line":707,"column":3}}},"12":{"name":"(anonymous_12)","decl":{"start":{"line":713,"column":2},"end":{"line":713,"column":8}},"loc":{"start":{"line":713,"column":73},"end":{"line":769,"column":3}}},"13":{"name":"(anonymous_13)","decl":{"start":{"line":775,"column":2},"end":{"line":775,"column":8}},"loc":{"start":{"line":775,"column":72},"end":{"line":834,"column":3}}},"14":{"name":"(anonymous_14)","decl":{"start":{"line":842,"column":2},"end":{"line":842,"column":8}},"loc":{"start":{"line":842,"column":69},"end":{"line":891,"column":3}}},"15":{"name":"(anonymous_15)","decl":{"start":{"line":897,"column":2},"end":{"line":897,"column":8}},"loc":{"start":{"line":897,"column":69},"end":{"line":946,"column":3}}},"16":{"name":"(anonymous_16)","decl":{"start":{"line":952,"column":2},"end":{"line":952,"column":8}},"loc":{"start":{"line":952,"column":70},"end":{"line":1013,"column":3}}},"17":{"name":"(anonymous_17)","decl":{"start":{"line":1021,"column":2},"end":{"line":1021,"column":8}},"loc":{"start":{"line":1021,"column":67},"end":{"line":1105,"column":3}}},"18":{"name":"(anonymous_18)","decl":{"start":{"line":1111,"column":2},"end":{"line":1111,"column":8}},"loc":{"start":{"line":1111,"column":77},"end":{"line":1151,"column":3}}},"19":{"name":"(anonymous_19)","decl":{"start":{"line":1157,"column":2},"end":{"line":1157,"column":8}},"loc":{"start":{"line":1157,"column":77},"end":{"line":1180,"column":3}}},"20":{"name":"(anonymous_20)","decl":{"start":{"line":1186,"column":2},"end":{"line":1186,"column":8}},"loc":{"start":{"line":1186,"column":77},"end":{"line":1204,"column":3}}},"21":{"name":"(anonymous_21)","decl":{"start":{"line":1210,"column":2},"end":{"line":1210,"column":8}},"loc":{"start":{"line":1210,"column":72},"end":{"line":1260,"column":3}}},"22":{"name":"(anonymous_22)","decl":{"start":{"line":1266,"column":2},"end":{"line":1266,"column":8}},"loc":{"start":{"line":1266,"column":77},"end":{"line":1297,"column":3}}},"23":{"name":"(anonymous_23)","decl":{"start":{"line":1275,"column":43},"end":{"line":1275,"column":46}},"loc":{"start":{"line":1275,"column":49},"end":{"line":1275,"column":52}}}},"branchMap":{"0":{"loc":{"start":{"line":15,"column":19},"end":{"line":15,"column":58}},"type":"binary-expr","locations":[{"start":{"line":15,"column":19},"end":{"line":15,"column":53}},{"start":{"line":15,"column":57},"end":{"line":15,"column":58}}]},"1":{"loc":{"start":{"line":16,"column":20},"end":{"line":16,"column":61}},"type":"binary-expr","locations":[{"start":{"line":16,"column":20},"end":{"line":16,"column":55}},{"start":{"line":16,"column":59},"end":{"line":16,"column":61}}]},"2":{"loc":{"start":{"line":99,"column":6},"end":{"line":104,"column":7}},"type":"if","locations":[{"start":{"line":99,"column":6},"end":{"line":104,"column":7}}]},"3":{"loc":{"start":{"line":110,"column":35},"end":{"line":110,"column":52}},"type":"binary-expr","locations":[{"start":{"line":110,"column":35},"end":{"line":110,"column":46}},{"start":{"line":110,"column":50},"end":{"line":110,"column":52}}]},"4":{"loc":{"start":{"line":122,"column":23},"end":{"line":122,"column":40}},"type":"binary-expr","locations":[{"start":{"line":122,"column":23},"end":{"line":122,"column":34}},{"start":{"line":122,"column":38},"end":{"line":122,"column":40}}]},"5":{"loc":{"start":{"line":163,"column":6},"end":{"line":168,"column":7}},"type":"if","locations":[{"start":{"line":163,"column":6},"end":{"line":168,"column":7}}]},"6":{"loc":{"start":{"line":176,"column":6},"end":{"line":181,"column":7}},"type":"if","locations":[{"start":{"line":176,"column":6},"end":{"line":181,"column":7}}]},"7":{"loc":{"start":{"line":219,"column":6},"end":{"line":224,"column":7}},"type":"if","locations":[{"start":{"line":219,"column":6},"end":{"line":224,"column":7}}]},"8":{"loc":{"start":{"line":234,"column":6},"end":{"line":239,"column":7}},"type":"if","locations":[{"start":{"line":234,"column":6},"end":{"line":239,"column":7}}]},"9":{"loc":{"start":{"line":267,"column":19},"end":{"line":267,"column":58}},"type":"binary-expr","locations":[{"start":{"line":267,"column":19},"end":{"line":267,"column":53}},{"start":{"line":267,"column":57},"end":{"line":267,"column":58}}]},"10":{"loc":{"start":{"line":268,"column":20},"end":{"line":268,"column":61}},"type":"binary-expr","locations":[{"start":{"line":268,"column":20},"end":{"line":268,"column":55}},{"start":{"line":268,"column":59},"end":{"line":268,"column":61}}]},"11":{"loc":{"start":{"line":278,"column":6},"end":{"line":281,"column":7}},"type":"if","locations":[{"start":{"line":278,"column":6},"end":{"line":281,"column":7}}]},"12":{"loc":{"start":{"line":278,"column":10},"end":{"line":278,"column":64}},"type":"binary-expr","locations":[{"start":{"line":278,"column":10},"end":{"line":278,"column":14}},{"start":{"line":278,"column":18},"end":{"line":278,"column":64}}]},"13":{"loc":{"start":{"line":283,"column":6},"end":{"line":287,"column":7}},"type":"if","locations":[{"start":{"line":283,"column":6},"end":{"line":287,"column":7}}]},"14":{"loc":{"start":{"line":384,"column":6},"end":{"line":389,"column":7}},"type":"if","locations":[{"start":{"line":384,"column":6},"end":{"line":389,"column":7}}]},"15":{"loc":{"start":{"line":397,"column":6},"end":{"line":402,"column":7}},"type":"if","locations":[{"start":{"line":397,"column":6},"end":{"line":402,"column":7}}]},"16":{"loc":{"start":{"line":439,"column":6},"end":{"line":444,"column":7}},"type":"if","locations":[{"start":{"line":439,"column":6},"end":{"line":444,"column":7}}]},"17":{"loc":{"start":{"line":518,"column":6},"end":{"line":523,"column":7}},"type":"if","locations":[{"start":{"line":518,"column":6},"end":{"line":523,"column":7}}]},"18":{"loc":{"start":{"line":537,"column":6},"end":{"line":542,"column":7}},"type":"if","locations":[{"start":{"line":537,"column":6},"end":{"line":542,"column":7}}]},"19":{"loc":{"start":{"line":547,"column":6},"end":{"line":552,"column":7}},"type":"if","locations":[{"start":{"line":547,"column":6},"end":{"line":552,"column":7}}]},"20":{"loc":{"start":{"line":560,"column":6},"end":{"line":565,"column":7}},"type":"if","locations":[{"start":{"line":560,"column":6},"end":{"line":565,"column":7}}]},"21":{"loc":{"start":{"line":608,"column":6},"end":{"line":613,"column":7}},"type":"if","locations":[{"start":{"line":608,"column":6},"end":{"line":613,"column":7}}]},"22":{"loc":{"start":{"line":624,"column":6},"end":{"line":629,"column":7}},"type":"if","locations":[{"start":{"line":624,"column":6},"end":{"line":629,"column":7}}]},"23":{"loc":{"start":{"line":668,"column":6},"end":{"line":673,"column":7}},"type":"if","locations":[{"start":{"line":668,"column":6},"end":{"line":673,"column":7}}]},"24":{"loc":{"start":{"line":729,"column":6},"end":{"line":734,"column":7}},"type":"if","locations":[{"start":{"line":729,"column":6},"end":{"line":734,"column":7}}]},"25":{"loc":{"start":{"line":799,"column":6},"end":{"line":804,"column":7}},"type":"if","locations":[{"start":{"line":799,"column":6},"end":{"line":804,"column":7}}]},"26":{"loc":{"start":{"line":853,"column":6},"end":{"line":858,"column":7}},"type":"if","locations":[{"start":{"line":853,"column":6},"end":{"line":858,"column":7}}]},"27":{"loc":{"start":{"line":908,"column":6},"end":{"line":913,"column":7}},"type":"if","locations":[{"start":{"line":908,"column":6},"end":{"line":913,"column":7}}]},"28":{"loc":{"start":{"line":1119,"column":42},"end":{"line":1119,"column":62}},"type":"binary-expr","locations":[{"start":{"line":1119,"column":42},"end":{"line":1119,"column":50}},{"start":{"line":1119,"column":54},"end":{"line":1119,"column":62}}]},"29":{"loc":{"start":{"line":1124,"column":6},"end":{"line":1130,"column":7}},"type":"if","locations":[{"start":{"line":1124,"column":6},"end":{"line":1130,"column":7}}]},"30":{"loc":{"start":{"line":1212,"column":14},"end":{"line":1212,"column":22}},"type":"default-arg","locations":[{"start":{"line":1212,"column":21},"end":{"line":1212,"column":22}}]},"31":{"loc":{"start":{"line":1212,"column":24},"end":{"line":1212,"column":34}},"type":"default-arg","locations":[{"start":{"line":1212,"column":32},"end":{"line":1212,"column":34}}]},"32":{"loc":{"start":{"line":1218,"column":6},"end":{"line":1221,"column":7}},"type":"if","locations":[{"start":{"line":1218,"column":6},"end":{"line":1221,"column":7}}]},"33":{"loc":{"start":{"line":1223,"column":6},"end":{"line":1226,"column":7}},"type":"if","locations":[{"start":{"line":1223,"column":6},"end":{"line":1226,"column":7}}]},"34":{"loc":{"start":{"line":1228,"column":26},"end":{"line":1228,"column":100}},"type":"cond-expr","locations":[{"start":{"line":1228,"column":55},"end":{"line":1228,"column":95}},{"start":{"line":1228,"column":98},"end":{"line":1228,"column":100}}]},"35":{"loc":{"start":{"line":1274,"column":6},"end":{"line":1278,"column":7}},"type":"if","locations":[{"start":{"line":1274,"column":6},"end":{"line":1278,"column":7}}]},"36":{"loc":{"start":{"line":1274,"column":10},"end":{"line":1274,"column":49}},"type":"binary-expr","locations":[{"start":{"line":1274,"column":10},"end":{"line":1274,"column":22}},{"start":{"line":1274,"column":26},"end":{"line":1274,"column":49}}]}},"s":{"0":0,"1":0,"2":0,"3":0,"4":0,"5":0,"6":0,"7":0,"8":0,"9":0,"10":0,"11":0,"12":0,"13":0,"14":0,"15":0,"16":0,"17":0,"18":0,"19":0,"20":0,"21":0,"22":0,"23":0,"24":0,"25":0,"26":0,"27":0,"28":0,"29":0,"30":0,"31":0,"32":0,"33":0,"34":0,"35":0,"36":0,"37":0,"38":0,"39":0,"40":0,"41":0,"42":0,"43":0,"44":0,"45":0,"46":0,"47":0,"48":0,"49":0,"50":0,"51":0,"52":0,"53":0,"54":0,"55":0,"56":0,"57":0,"58":0,"59":0,"60":0,"61":0,"62":0,"63":0,"64":0,"65":0,"66":0,"67":0,"68":0,"69":0,"70":0,"71":0,"72":0,"73":0,"74":0,"75":0,"76":0,"77":0,"78":0,"79":0,"80":0,"81":0,"82":0,"83":0,"84":0,"85":0,"86":0,"87":0,"88":0,"89":0,"90":0,"91":0,"92":0,"93":0,"94":0,"95":0,"96":0,"97":0,"98":0,"99":0,"100":0,"101":0,"102":0,"103":0,"104":0,"105":0,"106":0,"107":0,"108":0,"109":0,"110":0,"111":0,"112":0,"113":0,"114":0,"115":0,"116":0,"117":0,"118":0,"119":0,"120":0,"121":0,"122":0,"123":0,"124":0,"125":0,"126":0,"127":0,"128":0,"129":0,"130":0,"131":0,"132":0,"133":0,"134":0,"135":0,"136":0,"137":0,"138":0,"139":0,"140":0,"141":0,"142":0,"143":0,"144":0,"145":0,"146":0,"147":0,"148":0,"149":0,"150":0,"151":0,"152":0,"153":0,"154":0,"155":0,"156":0,"157":0,"158":0,"159":0,"160":0,"161":0,"162":0,"163":0,"164":0,"165":0,"166":0,"167":0,"168":0,"169":0,"170":0,"171":0,"172":0,"173":0,"174":0,"175":0,"176":0,"177":0,"178":0,"179":0,"180":0,"181":0,"182":0,"183":0,"184":0,"185":0,"186":0,"187":0,"188":0,"189":0,"190":0,"191":0,"192":0,"193":0,"194":0,"195":0,"196":0,"197":0,"198":0,"199":0,"200":0,"201":0,"202":0,"203":0,"204":0,"205":0,"206":0,"207":0,"208":0,"209":0,"210":0,"211":0,"212":0,"213":0,"214":0,"215":0,"216":0,"217":0,"218":0,"219":0,"220":0,"221":0,"222":0,"223":0,"224":0,"225":0,"226":0,"227":0,"228":0,"229":0,"230":0,"231":0,"232":0,"233":0,"234":0,"235":0,"236":0,"237":0,"238":0,"239":0,"240":0,"241":0,"242":0,"243":0,"244":0,"245":0,"246":0,"247":0,"248":0,"249":0,"250":0,"251":0,"252":0,"253":0,"254":0,"255":0,"256":0,"257":0,"258":0,"259":0,"260":0,"261":0,"262":0,"263":0,"264":0,"265":0,"266":0,"267":0,"268":0,"269":0,"270":0,"271":0,"272":0,"273":0,"274":0,"275":0},"f":{"0":0,"1":0,"2":0,"3":0,"4":0,"5":0,"6":0,"7":0,"8":0,"9":0,"10":0,"11":0,"12":0,"13":0,"14":0,"15":0,"16":0,"17":0,"18":0,"19":0,"20":0,"21":0,"22":0,"23":0},"b":{"0":[0,0],"1":[0,0],"2":[0],"3":[0,0],"4":[0,0],"5":[0],"6":[0],"7":[0],"8":[0],"9":[0,0],"10":[0,0],"11":[0],"12":[0,0],"13":[0],"14":[0],"15":[0],"16":[0],"17":[0],"18":[0],"19":[0],"20":[0],"21":[0],"22":[0],"23":[0],"24":[0],"25":[0],"26":[0],"27":[0],"28":[0,0],"29":[0],"30":[0],"31":[0],"32":[0],"33":[0],"34":[0,0],"35":[0],"36":[0,0]}}
,"C:\\Users\\shiha\\OneDrive\\Desktop\\SE project\\full-elms-backend\\src\\controllers\\aiController.ts": {"path":"C:\\Users\\shiha\\OneDrive\\Desktop\\SE project\\full-elms-backend\\src\\controllers\\aiController.ts","statementMap":{"0":{"start":{"line":8,"column":0},"end":{"line":8,"column":44}},"1":{"start":{"line":10,"column":0},"end":{"line":10,"column":51}},"2":{"start":{"line":19,"column":4},"end":{"line":122,"column":5}},"3":{"start":{"line":20,"column":21},"end":{"line":20,"column":37}},"4":{"start":{"line":21,"column":37},"end":{"line":21,"column":45}},"5":{"start":{"line":23,"column":6},"end":{"line":28,"column":7}},"6":{"start":{"line":24,"column":8},"end":{"line":27,"column":11}},"7":{"start":{"line":30,"column":25},"end":{"line":30,"column":34}},"8":{"start":{"line":33,"column":22},"end":{"line":35,"column":null}},"9":{"start":{"line":38,"column":6},"end":{"line":43,"column":7}},"10":{"start":{"line":39,"column":8},"end":{"line":42,"column":11}},"11":{"start":{"line":45,"column":23},"end":{"line":45,"column":36}},"12":{"start":{"line":49,"column":6},"end":{"line":57,"column":7}},"13":{"start":{"line":50,"column":26},"end":{"line":52,"column":null}},"14":{"start":{"line":54,"column":8},"end":{"line":56,"column":9}},"15":{"start":{"line":55,"column":10},"end":{"line":55,"column":40}},"16":{"start":{"line":60,"column":28},"end":{"line":68,"column":null}},"17":{"start":{"line":71,"column":23},"end":{"line":71,"column":54}},"18":{"start":{"line":74,"column":27},"end":{"line":74,"column":76}},"19":{"start":{"line":75,"column":34},"end":{"line":75,"column":82}},"20":{"start":{"line":77,"column":23},"end":{"line":81,"column":8}},"21":{"start":{"line":84,"column":25},"end":{"line":84,"column":65}},"22":{"start":{"line":87,"column":6},"end":{"line":90,"column":8}},"23":{"start":{"line":93,"column":26},"end":{"line":98,"column":8}},"24":{"start":{"line":100,"column":6},"end":{"line":105,"column":8}},"25":{"start":{"line":107,"column":6},"end":{"line":113,"column":9}},"26":{"start":{"line":116,"column":6},"end":{"line":116,"column":45}},"27":{"start":{"line":117,"column":6},"end":{"line":121,"column":9}},"28":{"start":{"line":130,"column":4},"end":{"line":175,"column":5}},"29":{"start":{"line":131,"column":21},"end":{"line":131,"column":37}},"30":{"start":{"line":132,"column":20},"end":{"line":132,"column":61}},"31":{"start":{"line":133,"column":25},"end":{"line":133,"column":34}},"32":{"start":{"line":135,"column":29},"end":{"line":145,"column":null}},"33":{"start":{"line":149,"column":28},"end":{"line":162,"column":8}},"34":{"start":{"line":149,"column":84},"end":{"line":162,"column":8}},"35":{"start":{"line":164,"column":6},"end":{"line":167,"column":9}},"36":{"start":{"line":170,"column":6},"end":{"line":170,"column":52}},"37":{"start":{"line":171,"column":6},"end":{"line":174,"column":9}},"38":{"start":{"line":183,"column":4},"end":{"line":265,"column":5}},"39":{"start":{"line":184,"column":21},"end":{"line":184,"column":37}},"40":{"start":{"line":185,"column":25},"end":{"line":185,"column":46}},"41":{"start":{"line":186,"column":25},"end":{"line":186,"column":34}},"42":{"start":{"line":189,"column":26},"end":{"line":201,"column":null}},"43":{"start":{"line":204,"column":6},"end":{"line":209,"column":7}},"44":{"start":{"line":205,"column":8},"end":{"line":208,"column":11}},"45":{"start":{"line":211,"column":23},"end":{"line":211,"column":35}},"46":{"start":{"line":214,"column":24},"end":{"line":217,"column":null}},"47":{"start":{"line":221,"column":6},"end":{"line":228,"column":8}},"48":{"start":{"line":231,"column":26},"end":{"line":239,"column":8}},"49":{"start":{"line":241,"column":6},"end":{"line":248,"column":8}},"50":{"start":{"line":250,"column":6},"end":{"line":257,"column":9}},"51":{"start":{"line":260,"column":6},"end":{"line":260,"column":64}},"52":{"start":{"line":261,"column":6},"end":{"line":264,"column":9}},"53":{"start":{"line":273,"column":4},"end":{"line":298,"column":5}},"54":{"start":{"line":274,"column":21},"end":{"line":274,"column":37}},"55":{"start":{"line":275,"column":25},"end":{"line":275,"column":34}},"56":{"start":{"line":277,"column":6},"end":{"line":280,"column":8}},"57":{"start":{"line":282,"column":6},"end":{"line":285,"column":8}},"58":{"start":{"line":287,"column":6},"end":{"line":290,"column":9}},"59":{"start":{"line":293,"column":6},"end":{"line":293,"column":54}},"60":{"start":{"line":294,"column":6},"end":{"line":297,"column":9}},"61":{"start":{"line":306,"column":4},"end":{"line":338,"column":5}},"62":{"start":{"line":307,"column":21},"end":{"line":307,"column":37}},"63":{"start":{"line":308,"column":25},"end":{"line":308,"column":34}},"64":{"start":{"line":310,"column":25},"end":{"line":312,"column":null}},"65":{"start":{"line":315,"column":6},"end":{"line":320,"column":7}},"66":{"start":{"line":316,"column":8},"end":{"line":319,"column":11}},"67":{"start":{"line":322,"column":22},"end":{"line":322,"column":58}},"68":{"start":{"line":324,"column":6},"end":{"line":330,"column":9}},"69":{"start":{"line":333,"column":6},"end":{"line":333,"column":52}},"70":{"start":{"line":334,"column":6},"end":{"line":337,"column":9}},"71":{"start":{"line":12,"column":0},"end":{"line":12,"column":13}}},"fnMap":{"0":{"name":"(anonymous_9)","decl":{"start":{"line":18,"column":2},"end":{"line":18,"column":8}},"loc":{"start":{"line":18,"column":60},"end":{"line":123,"column":3}}},"1":{"name":"(anonymous_10)","decl":{"start":{"line":129,"column":2},"end":{"line":129,"column":8}},"loc":{"start":{"line":129,"column":66},"end":{"line":176,"column":3}}},"2":{"name":"(anonymous_11)","decl":{"start":{"line":149,"column":69},"end":{"line":149,"column":80}},"loc":{"start":{"line":149,"column":84},"end":{"line":162,"column":8}}},"3":{"name":"(anonymous_12)","decl":{"start":{"line":182,"column":2},"end":{"line":182,"column":8}},"loc":{"start":{"line":182,"column":76},"end":{"line":266,"column":3}}},"4":{"name":"(anonymous_13)","decl":{"start":{"line":272,"column":2},"end":{"line":272,"column":8}},"loc":{"start":{"line":272,"column":68},"end":{"line":299,"column":3}}},"5":{"name":"(anonymous_14)","decl":{"start":{"line":305,"column":2},"end":{"line":305,"column":8}},"loc":{"start":{"line":305,"column":66},"end":{"line":339,"column":3}}}},"branchMap":{"0":{"loc":{"start":{"line":23,"column":6},"end":{"line":28,"column":7}},"type":"if","locations":[{"start":{"line":23,"column":6},"end":{"line":28,"column":7}}]},"1":{"loc":{"start":{"line":23,"column":10},"end":{"line":23,"column":37}},"type":"binary-expr","locations":[{"start":{"line":23,"column":10},"end":{"line":23,"column":18}},{"start":{"line":23,"column":22},"end":{"line":23,"column":37}}]},"2":{"loc":{"start":{"line":38,"column":6},"end":{"line":43,"column":7}},"type":"if","locations":[{"start":{"line":38,"column":6},"end":{"line":43,"column":7}}]},"3":{"loc":{"start":{"line":49,"column":6},"end":{"line":57,"column":7}},"type":"if","locations":[{"start":{"line":49,"column":6},"end":{"line":57,"column":7}}]},"4":{"loc":{"start":{"line":54,"column":8},"end":{"line":56,"column":9}},"type":"if","locations":[{"start":{"line":54,"column":8},"end":{"line":56,"column":9}}]},"5":{"loc":{"start":{"line":96,"column":20},"end":{"line":96,"column":38}},"type":"binary-expr","locations":[{"start":{"line":96,"column":20},"end":{"line":96,"column":30}},{"start":{"line":96,"column":34},"end":{"line":96,"column":38}}]},"6":{"loc":{"start":{"line":120,"column":15},"end":{"line":120,"column":71}},"type":"cond-expr","locations":[{"start":{"line":120,"column":40},"end":{"line":120,"column":53}},{"start":{"line":120,"column":56},"end":{"line":120,"column":71}}]},"7":{"loc":{"start":{"line":132,"column":20},"end":{"line":132,"column":61}},"type":"binary-expr","locations":[{"start":{"line":132,"column":20},"end":{"line":132,"column":55}},{"start":{"line":132,"column":59},"end":{"line":132,"column":61}}]},"8":{"loc":{"start":{"line":204,"column":6},"end":{"line":209,"column":7}},"type":"if","locations":[{"start":{"line":204,"column":6},"end":{"line":209,"column":7}}]},"9":{"loc":{"start":{"line":315,"column":6},"end":{"line":320,"column":7}},"type":"if","locations":[{"start":{"line":315,"column":6},"end":{"line":320,"column":7}}]}},"s":{"0":0,"1":0,"2":0,"3":0,"4":0,"5":0,"6":0,"7":0,"8":0,"9":0,"10":0,"11":0,"12":0,"13":0,"14":0,"15":0,"16":0,"17":0,"18":0,"19":0,"20":0,"21":0,"22":0,"23":0,"24":0,"25":0,"26":0,"27":0,"28":0,"29":0,"30":0,"31":0,"32":0,"33":0,"34":0,"35":0,"36":0,"37":0,"38":0,"39":0,"40":0,"41":0,"42":0,"43":0,"44":0,"45":0,"46":0,"47":0,"48":0,"49":0,"50":0,"51":0,"52":0,"53":0,"54":0,"55":0,"56":0,"57":0,"58":0,"59":0,"60":0,"61":0,"62":0,"63":0,"64":0,"65":0,"66":0,"67":0,"68":0,"69":0,"70":0,"71":0},"f":{"0":0,"1":0,"2":0,"3":0,"4":0,"5":0},"b":{"0":[0],"1":[0,0],"2":[0],"3":[0],"4":[0],"5":[0,0],"6":[0,0],"7":[0,0],"8":[0],"9":[0]}}
,"C:\\Users\\shiha\\OneDrive\\Desktop\\SE project\\full-elms-backend\\src\\controllers\\authController.ts": {"path":"C:\\Users\\shiha\\OneDrive\\Desktop\\SE project\\full-elms-backend\\src\\controllers\\authController.ts","statementMap":{"0":{"start":{"line":2,"column":0},"end":{"line":2,"column":54}},"1":{"start":{"line":16,"column":4},"end":{"line":76,"column":5}},"2":{"start":{"line":17,"column":54},"end":{"line":17,"column":62}},"3":{"start":{"line":20,"column":19},"end":{"line":20,"column":70}},"4":{"start":{"line":22,"column":6},"end":{"line":28,"column":7}},"5":{"start":{"line":23,"column":8},"end":{"line":26,"column":11}},"6":{"start":{"line":27,"column":8},"end":{"line":27,"column":15}},"7":{"start":{"line":31,"column":6},"end":{"line":37,"column":7}},"8":{"start":{"line":32,"column":8},"end":{"line":35,"column":11}},"9":{"start":{"line":36,"column":8},"end":{"line":36,"column":15}},"10":{"start":{"line":40,"column":20},"end":{"line":40,"column":51}},"11":{"start":{"line":43,"column":24},"end":{"line":43,"column":36}},"12":{"start":{"line":44,"column":6},"end":{"line":48,"column":7}},"13":{"start":{"line":45,"column":8},"end":{"line":45,"column":43}},"14":{"start":{"line":46,"column":13},"end":{"line":48,"column":7}},"15":{"start":{"line":47,"column":8},"end":{"line":47,"column":41}},"16":{"start":{"line":51,"column":38},"end":{"line":65,"column":8}},"17":{"start":{"line":68,"column":6},"end":{"line":68,"column":68}},"18":{"start":{"line":70,"column":6},"end":{"line":70,"column":37}},"19":{"start":{"line":71,"column":6},"end":{"line":71,"column":13}},"20":{"start":{"line":74,"column":6},"end":{"line":74,"column":43}},"21":{"start":{"line":75,"column":6},"end":{"line":75,"column":18}},"22":{"start":{"line":84,"column":4},"end":{"line":100,"column":5}},"23":{"start":{"line":87,"column":6},"end":{"line":89,"column":7}},"24":{"start":{"line":88,"column":8},"end":{"line":88,"column":80}},"25":{"start":{"line":91,"column":6},"end":{"line":94,"column":9}},"26":{"start":{"line":95,"column":6},"end":{"line":95,"column":13}},"27":{"start":{"line":98,"column":6},"end":{"line":98,"column":44}},"28":{"start":{"line":99,"column":6},"end":{"line":99,"column":18}},"29":{"start":{"line":108,"column":4},"end":{"line":146,"column":5}},"30":{"start":{"line":109,"column":6},"end":{"line":115,"column":7}},"31":{"start":{"line":110,"column":8},"end":{"line":113,"column":11}},"32":{"start":{"line":114,"column":8},"end":{"line":114,"column":15}},"33":{"start":{"line":118,"column":19},"end":{"line":118,"column":66}},"34":{"start":{"line":120,"column":6},"end":{"line":126,"column":7}},"35":{"start":{"line":121,"column":8},"end":{"line":124,"column":11}},"36":{"start":{"line":125,"column":8},"end":{"line":125,"column":15}},"37":{"start":{"line":128,"column":6},"end":{"line":140,"column":9}},"38":{"start":{"line":141,"column":6},"end":{"line":141,"column":13}},"39":{"start":{"line":144,"column":6},"end":{"line":144,"column":56}},"40":{"start":{"line":145,"column":6},"end":{"line":145,"column":18}},"41":{"start":{"line":154,"column":4},"end":{"line":209,"column":5}},"42":{"start":{"line":155,"column":58},"end":{"line":155,"column":66}},"43":{"start":{"line":158,"column":27},"end":{"line":158,"column":67}},"44":{"start":{"line":159,"column":6},"end":{"line":165,"column":7}},"45":{"start":{"line":160,"column":8},"end":{"line":163,"column":11}},"46":{"start":{"line":164,"column":8},"end":{"line":164,"column":15}},"47":{"start":{"line":168,"column":22},"end":{"line":174,"column":8}},"48":{"start":{"line":177,"column":20},"end":{"line":177,"column":54}},"49":{"start":{"line":180,"column":24},"end":{"line":180,"column":36}},"50":{"start":{"line":181,"column":6},"end":{"line":185,"column":7}},"51":{"start":{"line":182,"column":8},"end":{"line":182,"column":43}},"52":{"start":{"line":183,"column":13},"end":{"line":185,"column":7}},"53":{"start":{"line":184,"column":8},"end":{"line":184,"column":41}},"54":{"start":{"line":187,"column":6},"end":{"line":187,"column":79}},"55":{"start":{"line":189,"column":6},"end":{"line":203,"column":9}},"56":{"start":{"line":204,"column":6},"end":{"line":204,"column":13}},"57":{"start":{"line":207,"column":6},"end":{"line":207,"column":50}},"58":{"start":{"line":208,"column":6},"end":{"line":208,"column":18}},"59":{"start":{"line":217,"column":4},"end":{"line":267,"column":5}},"60":{"start":{"line":218,"column":6},"end":{"line":224,"column":7}},"61":{"start":{"line":219,"column":8},"end":{"line":222,"column":11}},"62":{"start":{"line":223,"column":8},"end":{"line":223,"column":15}},"63":{"start":{"line":226,"column":42},"end":{"line":226,"column":50}},"64":{"start":{"line":229,"column":6},"end":{"line":238,"column":7}},"65":{"start":{"line":230,"column":29},"end":{"line":230,"column":69}},"66":{"start":{"line":231,"column":8},"end":{"line":237,"column":9}},"67":{"start":{"line":232,"column":10},"end":{"line":235,"column":13}},"68":{"start":{"line":236,"column":10},"end":{"line":236,"column":17}},"69":{"start":{"line":241,"column":26},"end":{"line":245,"column":8}},"70":{"start":{"line":247,"column":6},"end":{"line":247,"column":62}},"71":{"start":{"line":249,"column":6},"end":{"line":261,"column":9}},"72":{"start":{"line":262,"column":6},"end":{"line":262,"column":13}},"73":{"start":{"line":265,"column":6},"end":{"line":265,"column":52}},"74":{"start":{"line":266,"column":6},"end":{"line":266,"column":18}},"75":{"start":{"line":275,"column":4},"end":{"line":324,"column":5}},"76":{"start":{"line":276,"column":6},"end":{"line":282,"column":7}},"77":{"start":{"line":277,"column":8},"end":{"line":280,"column":11}},"78":{"start":{"line":281,"column":8},"end":{"line":281,"column":15}},"79":{"start":{"line":284,"column":47},"end":{"line":284,"column":55}},"80":{"start":{"line":286,"column":6},"end":{"line":292,"column":7}},"81":{"start":{"line":287,"column":8},"end":{"line":290,"column":11}},"82":{"start":{"line":291,"column":8},"end":{"line":291,"column":15}},"83":{"start":{"line":294,"column":6},"end":{"line":300,"column":7}},"84":{"start":{"line":295,"column":8},"end":{"line":298,"column":11}},"85":{"start":{"line":299,"column":8},"end":{"line":299,"column":15}},"86":{"start":{"line":303,"column":6},"end":{"line":303,"column":86}},"87":{"start":{"line":305,"column":6},"end":{"line":305,"column":60}},"88":{"start":{"line":307,"column":6},"end":{"line":310,"column":9}},"89":{"start":{"line":311,"column":6},"end":{"line":311,"column":13}},"90":{"start":{"line":314,"column":6},"end":{"line":320,"column":7}},"91":{"start":{"line":315,"column":8},"end":{"line":318,"column":11}},"92":{"start":{"line":319,"column":8},"end":{"line":319,"column":15}},"93":{"start":{"line":322,"column":6},"end":{"line":322,"column":53}},"94":{"start":{"line":323,"column":6},"end":{"line":323,"column":18}},"95":{"start":{"line":332,"column":4},"end":{"line":352,"column":5}},"96":{"start":{"line":333,"column":6},"end":{"line":339,"column":7}},"97":{"start":{"line":334,"column":8},"end":{"line":337,"column":11}},"98":{"start":{"line":338,"column":8},"end":{"line":338,"column":15}},"99":{"start":{"line":341,"column":20},"end":{"line":341,"column":52}},"100":{"start":{"line":343,"column":6},"end":{"line":346,"column":9}},"101":{"start":{"line":347,"column":6},"end":{"line":347,"column":13}},"102":{"start":{"line":350,"column":6},"end":{"line":350,"column":43}},"103":{"start":{"line":351,"column":6},"end":{"line":351,"column":18}},"104":{"start":{"line":9,"column":0},"end":{"line":9,"column":13}}},"fnMap":{"0":{"name":"(anonymous_0)","decl":{"start":{"line":15,"column":2},"end":{"line":15,"column":8}},"loc":{"start":{"line":15,"column":68},"end":{"line":77,"column":3}}},"1":{"name":"(anonymous_1)","decl":{"start":{"line":83,"column":2},"end":{"line":83,"column":8}},"loc":{"start":{"line":83,"column":82},"end":{"line":101,"column":3}}},"2":{"name":"(anonymous_2)","decl":{"start":{"line":107,"column":2},"end":{"line":107,"column":8}},"loc":{"start":{"line":107,"column":86},"end":{"line":147,"column":3}}},"3":{"name":"(anonymous_3)","decl":{"start":{"line":153,"column":2},"end":{"line":153,"column":8}},"loc":{"start":{"line":153,"column":71},"end":{"line":210,"column":3}}},"4":{"name":"(anonymous_4)","decl":{"start":{"line":216,"column":2},"end":{"line":216,"column":8}},"loc":{"start":{"line":216,"column":89},"end":{"line":268,"column":3}}},"5":{"name":"(anonymous_5)","decl":{"start":{"line":274,"column":2},"end":{"line":274,"column":8}},"loc":{"start":{"line":274,"column":90},"end":{"line":325,"column":3}}},"6":{"name":"(anonymous_6)","decl":{"start":{"line":331,"column":2},"end":{"line":331,"column":8}},"loc":{"start":{"line":331,"column":84},"end":{"line":353,"column":3}}}},"branchMap":{"0":{"loc":{"start":{"line":22,"column":6},"end":{"line":28,"column":7}},"type":"if","locations":[{"start":{"line":22,"column":6},"end":{"line":28,"column":7}}]},"1":{"loc":{"start":{"line":31,"column":6},"end":{"line":37,"column":7}},"type":"if","locations":[{"start":{"line":31,"column":6},"end":{"line":37,"column":7}}]},"2":{"loc":{"start":{"line":44,"column":6},"end":{"line":48,"column":7}},"type":"if","locations":[{"start":{"line":44,"column":6},"end":{"line":48,"column":7}},{"start":{"line":46,"column":13},"end":{"line":48,"column":7}}]},"3":{"loc":{"start":{"line":46,"column":13},"end":{"line":48,"column":7}},"type":"if","locations":[{"start":{"line":46,"column":13},"end":{"line":48,"column":7}}]},"4":{"loc":{"start":{"line":87,"column":6},"end":{"line":89,"column":7}},"type":"if","locations":[{"start":{"line":87,"column":6},"end":{"line":89,"column":7}}]},"5":{"loc":{"start":{"line":109,"column":6},"end":{"line":115,"column":7}},"type":"if","locations":[{"start":{"line":109,"column":6},"end":{"line":115,"column":7}}]},"6":{"loc":{"start":{"line":120,"column":6},"end":{"line":126,"column":7}},"type":"if","locations":[{"start":{"line":120,"column":6},"end":{"line":126,"column":7}}]},"7":{"loc":{"start":{"line":159,"column":6},"end":{"line":165,"column":7}},"type":"if","locations":[{"start":{"line":159,"column":6},"end":{"line":165,"column":7}}]},"8":{"loc":{"start":{"line":172,"column":14},"end":{"line":172,"column":31}},"type":"binary-expr","locations":[{"start":{"line":172,"column":14},"end":{"line":172,"column":18}},{"start":{"line":172,"column":22},"end":{"line":172,"column":31}}]},"9":{"loc":{"start":{"line":181,"column":6},"end":{"line":185,"column":7}},"type":"if","locations":[{"start":{"line":181,"column":6},"end":{"line":185,"column":7}},{"start":{"line":183,"column":13},"end":{"line":185,"column":7}}]},"10":{"loc":{"start":{"line":183,"column":13},"end":{"line":185,"column":7}},"type":"if","locations":[{"start":{"line":183,"column":13},"end":{"line":185,"column":7}}]},"11":{"loc":{"start":{"line":218,"column":6},"end":{"line":224,"column":7}},"type":"if","locations":[{"start":{"line":218,"column":6},"end":{"line":224,"column":7}}]},"12":{"loc":{"start":{"line":229,"column":6},"end":{"line":238,"column":7}},"type":"if","locations":[{"start":{"line":229,"column":6},"end":{"line":238,"column":7}}]},"13":{"loc":{"start":{"line":229,"column":10},"end":{"line":229,"column":43}},"type":"binary-expr","locations":[{"start":{"line":229,"column":10},"end":{"line":229,"column":15}},{"start":{"line":229,"column":19},"end":{"line":229,"column":43}}]},"14":{"loc":{"start":{"line":231,"column":8},"end":{"line":237,"column":9}},"type":"if","locations":[{"start":{"line":231,"column":8},"end":{"line":237,"column":9}}]},"15":{"loc":{"start":{"line":231,"column":12},"end":{"line":231,"column":63}},"type":"binary-expr","locations":[{"start":{"line":231,"column":12},"end":{"line":231,"column":24}},{"start":{"line":231,"column":28},"end":{"line":231,"column":63}}]},"16":{"loc":{"start":{"line":276,"column":6},"end":{"line":282,"column":7}},"type":"if","locations":[{"start":{"line":276,"column":6},"end":{"line":282,"column":7}}]},"17":{"loc":{"start":{"line":286,"column":6},"end":{"line":292,"column":7}},"type":"if","locations":[{"start":{"line":286,"column":6},"end":{"line":292,"column":7}}]},"18":{"loc":{"start":{"line":286,"column":10},"end":{"line":286,"column":42}},"type":"binary-expr","locations":[{"start":{"line":286,"column":10},"end":{"line":286,"column":26}},{"start":{"line":286,"column":30},"end":{"line":286,"column":42}}]},"19":{"loc":{"start":{"line":294,"column":6},"end":{"line":300,"column":7}},"type":"if","locations":[{"start":{"line":294,"column":6},"end":{"line":300,"column":7}}]},"20":{"loc":{"start":{"line":314,"column":6},"end":{"line":320,"column":7}},"type":"if","locations":[{"start":{"line":314,"column":6},"end":{"line":320,"column":7}}]},"21":{"loc":{"start":{"line":314,"column":10},"end":{"line":314,"column":85}},"type":"binary-expr","locations":[{"start":{"line":314,"column":10},"end":{"line":314,"column":32}},{"start":{"line":314,"column":36},"end":{"line":314,"column":85}}]},"22":{"loc":{"start":{"line":333,"column":6},"end":{"line":339,"column":7}},"type":"if","locations":[{"start":{"line":333,"column":6},"end":{"line":339,"column":7}}]},"23":{"loc":{"start":{"line":333,"column":10},"end":{"line":333,"column":48}},"type":"binary-expr","locations":[{"start":{"line":333,"column":10},"end":{"line":333,"column":19}},{"start":{"line":333,"column":23},"end":{"line":333,"column":48}}]}},"s":{"0":0,"1":0,"2":0,"3":0,"4":0,"5":0,"6":0,"7":0,"8":0,"9":0,"10":0,"11":0,"12":0,"13":0,"14":0,"15":0,"16":0,"17":0,"18":0,"19":0,"20":0,"21":0,"22":0,"23":0,"24":0,"25":0,"26":0,"27":0,"28":0,"29":0,"30":0,"31":0,"32":0,"33":0,"34":0,"35":0,"36":0,"37":0,"38":0,"39":0,"40":0,"41":0,"42":0,"43":0,"44":0,"45":0,"46":0,"47":0,"48":0,"49":0,"50":0,"51":0,"52":0,"53":0,"54":0,"55":0,"56":0,"57":0,"58":0,"59":0,"60":0,"61":0,"62":0,"63":0,"64":0,"65":0,"66":0,"67":0,"68":0,"69":0,"70":0,"71":0,"72":0,"73":0,"74":0,"75":0,"76":0,"77":0,"78":0,"79":0,"80":0,"81":0,"82":0,"83":0,"84":0,"85":0,"86":0,"87":0,"88":0,"89":0,"90":0,"91":0,"92":0,"93":0,"94":0,"95":0,"96":0,"97":0,"98":0,"99":0,"100":0,"101":0,"102":0,"103":0,"104":0},"f":{"0":0,"1":0,"2":0,"3":0,"4":0,"5":0,"6":0},"b":{"0":[0],"1":[0],"2":[0,0],"3":[0],"4":[0],"5":[0],"6":[0],"7":[0],"8":[0,0],"9":[0,0],"10":[0],"11":[0],"12":[0],"13":[0,0],"14":[0],"15":[0,0],"16":[0],"17":[0],"18":[0,0],"19":[0],"20":[0],"21":[0,0],"22":[0],"23":[0,0]}}
,"C:\\Users\\shiha\\OneDrive\\Desktop\\SE project\\full-elms-backend\\src\\controllers\\chatController.ts": {"path":"C:\\Users\\shiha\\OneDrive\\Desktop\\SE project\\full-elms-backend\\src\\controllers\\chatController.ts","statementMap":{"0":{"start":{"line":2,"column":0},"end":{"line":2,"column":44}},"1":{"start":{"line":17,"column":4},"end":{"line":146,"column":5}},"2":{"start":{"line":18,"column":21},"end":{"line":18,"column":37}},"3":{"start":{"line":19,"column":27},"end":{"line":19,"column":37}},"4":{"start":{"line":21,"column":6},"end":{"line":26,"column":7}},"5":{"start":{"line":22,"column":8},"end":{"line":25,"column":11}},"6":{"start":{"line":28,"column":19},"end":{"line":28,"column":28}},"7":{"start":{"line":31,"column":32},"end":{"line":39,"column":null}},"8":{"start":{"line":42,"column":6},"end":{"line":47,"column":7}},"9":{"start":{"line":43,"column":8},"end":{"line":46,"column":11}},"10":{"start":{"line":49,"column":25},"end":{"line":49,"column":43}},"11":{"start":{"line":50,"column":24},"end":{"line":50,"column":45}},"12":{"start":{"line":53,"column":24},"end":{"line":55,"column":null}},"13":{"start":{"line":60,"column":6},"end":{"line":71,"column":7}},"14":{"start":{"line":62,"column":25},"end":{"line":62,"column":58}},"15":{"start":{"line":63,"column":25},"end":{"line":65,"column":null}},"16":{"start":{"line":67,"column":8},"end":{"line":67,"column":33}},"17":{"start":{"line":68,"column":8},"end":{"line":68,"column":76}},"18":{"start":{"line":70,"column":8},"end":{"line":70,"column":33}},"19":{"start":{"line":74,"column":25},"end":{"line":82,"column":null}},"20":{"start":{"line":86,"column":29},"end":{"line":92,"column":null}},"21":{"start":{"line":96,"column":24},"end":{"line":101,"column":null}},"22":{"start":{"line":104,"column":30},"end":{"line":104,"column":59}},"23":{"start":{"line":106,"column":6},"end":{"line":138,"column":9}},"24":{"start":{"line":117,"column":41},"end":{"line":127,"column":12}},"25":{"start":{"line":128,"column":50},"end":{"line":135,"column":12}},"26":{"start":{"line":141,"column":6},"end":{"line":141,"column":53}},"27":{"start":{"line":142,"column":6},"end":{"line":145,"column":9}},"28":{"start":{"line":154,"column":4},"end":{"line":257,"column":5}},"29":{"start":{"line":155,"column":21},"end":{"line":155,"column":37}},"30":{"start":{"line":156,"column":27},"end":{"line":156,"column":37}},"31":{"start":{"line":157,"column":66},"end":{"line":157,"column":74}},"32":{"start":{"line":159,"column":6},"end":{"line":164,"column":7}},"33":{"start":{"line":160,"column":8},"end":{"line":163,"column":11}},"34":{"start":{"line":166,"column":6},"end":{"line":171,"column":7}},"35":{"start":{"line":167,"column":8},"end":{"line":170,"column":11}},"36":{"start":{"line":174,"column":6},"end":{"line":179,"column":7}},"37":{"start":{"line":175,"column":8},"end":{"line":178,"column":11}},"38":{"start":{"line":181,"column":19},"end":{"line":181,"column":28}},"39":{"start":{"line":184,"column":32},"end":{"line":192,"column":null}},"40":{"start":{"line":195,"column":6},"end":{"line":200,"column":7}},"41":{"start":{"line":196,"column":8},"end":{"line":199,"column":11}},"42":{"start":{"line":202,"column":19},"end":{"line":202,"column":45}},"43":{"start":{"line":205,"column":6},"end":{"line":213,"column":7}},"44":{"start":{"line":206,"column":26},"end":{"line":206,"column":55}},"45":{"start":{"line":207,"column":25},"end":{"line":210,"column":null}},"46":{"start":{"line":212,"column":8},"end":{"line":212,"column":33}},"47":{"start":{"line":216,"column":23},"end":{"line":219,"column":null}},"48":{"start":{"line":223,"column":27},"end":{"line":229,"column":null}},"49":{"start":{"line":232,"column":6},"end":{"line":232,"column":73}},"50":{"start":{"line":234,"column":6},"end":{"line":249,"column":9}},"51":{"start":{"line":252,"column":6},"end":{"line":252,"column":50}},"52":{"start":{"line":253,"column":6},"end":{"line":256,"column":9}},"53":{"start":{"line":265,"column":4},"end":{"line":339,"column":5}},"54":{"start":{"line":266,"column":21},"end":{"line":266,"column":37}},"55":{"start":{"line":267,"column":27},"end":{"line":267,"column":37}},"56":{"start":{"line":269,"column":6},"end":{"line":274,"column":7}},"57":{"start":{"line":270,"column":8},"end":{"line":273,"column":11}},"58":{"start":{"line":276,"column":19},"end":{"line":276,"column":28}},"59":{"start":{"line":279,"column":32},"end":{"line":284,"column":null}},"60":{"start":{"line":287,"column":6},"end":{"line":292,"column":7}},"61":{"start":{"line":288,"column":8},"end":{"line":291,"column":11}},"62":{"start":{"line":294,"column":24},"end":{"line":294,"column":53}},"63":{"start":{"line":297,"column":25},"end":{"line":303,"column":null}},"64":{"start":{"line":307,"column":24},"end":{"line":313,"column":null}},"65":{"start":{"line":316,"column":27},"end":{"line":316,"column":52}},"66":{"start":{"line":318,"column":6},"end":{"line":331,"column":9}},"67":{"start":{"line":322,"column":47},"end":{"line":329,"column":12}},"68":{"start":{"line":334,"column":6},"end":{"line":334,"column":59}},"69":{"start":{"line":335,"column":6},"end":{"line":338,"column":9}},"70":{"start":{"line":347,"column":4},"end":{"line":399,"column":5}},"71":{"start":{"line":348,"column":21},"end":{"line":348,"column":37}},"72":{"start":{"line":349,"column":28},"end":{"line":349,"column":38}},"73":{"start":{"line":351,"column":6},"end":{"line":356,"column":7}},"74":{"start":{"line":352,"column":8},"end":{"line":355,"column":11}},"75":{"start":{"line":358,"column":19},"end":{"line":358,"column":28}},"76":{"start":{"line":361,"column":29},"end":{"line":363,"column":null}},"77":{"start":{"line":366,"column":6},"end":{"line":371,"column":7}},"78":{"start":{"line":367,"column":8},"end":{"line":370,"column":11}},"79":{"start":{"line":373,"column":6},"end":{"line":378,"column":7}},"80":{"start":{"line":374,"column":8},"end":{"line":377,"column":11}},"81":{"start":{"line":381,"column":6},"end":{"line":384,"column":8}},"82":{"start":{"line":386,"column":6},"end":{"line":386,"column":72}},"83":{"start":{"line":388,"column":6},"end":{"line":391,"column":9}},"84":{"start":{"line":394,"column":6},"end":{"line":394,"column":52}},"85":{"start":{"line":395,"column":6},"end":{"line":398,"column":9}},"86":{"start":{"line":10,"column":0},"end":{"line":10,"column":13}}},"fnMap":{"0":{"name":"(anonymous_0)","decl":{"start":{"line":16,"column":2},"end":{"line":16,"column":8}},"loc":{"start":{"line":16,"column":69},"end":{"line":147,"column":3}}},"1":{"name":"(anonymous_1)","decl":{"start":{"line":117,"column":33},"end":{"line":117,"column":36}},"loc":{"start":{"line":117,"column":41},"end":{"line":127,"column":12}}},"2":{"name":"(anonymous_2)","decl":{"start":{"line":128,"column":44},"end":{"line":128,"column":45}},"loc":{"start":{"line":128,"column":50},"end":{"line":135,"column":12}}},"3":{"name":"(anonymous_3)","decl":{"start":{"line":153,"column":2},"end":{"line":153,"column":8}},"loc":{"start":{"line":153,"column":67},"end":{"line":258,"column":
[...]
rt":{"line":16,"column":53},"end":{"line":20,"column":6}},"4":{"start":{"line":22,"column":19},"end":{"line":22,"column":62}},"5":{"start":{"line":24,"column":33},"end":{"line":27,"column":6}},"6":{"start":{"line":29,"column":4},"end":{"line":29,"column":46}},"7":{"start":{"line":36,"column":4},"end":{"line":36,"column":88}},"8":{"start":{"line":43,"column":23},"end":{"line":43,"column":25}},"9":{"start":{"line":44,"column":4},"end":{"line":44,"column":51}},"10":{"start":{"line":51,"column":4},"end":{"line":51,"column":48}},"11":{"start":{"line":58,"column":4},"end":{"line":67,"column":5}},"12":{"start":{"line":59,"column":19},"end":{"line":61,"column":null}},"13":{"start":{"line":63,"column":6},"end":{"line":63,"column":26}},"14":{"start":{"line":65,"column":6},"end":{"line":65,"column":59}},"15":{"start":{"line":66,"column":6},"end":{"line":66,"column":18}},"16":{"start":{"line":74,"column":4},"end":{"line":83,"column":5}},"17":{"start":{"line":75,"column":19},"end":{"line":77,"column":null}},"18":{"start":{"line":79,"column":6},"end":{"line":79,"column":26}},"19":{"start":{"line":81,"column":6},"end":{"line":81,"column":56}},"20":{"start":{"line":82,"column":6},"end":{"line":82,"column":18}},"21":{"start":{"line":90,"column":4},"end":{"line":115,"column":5}},"22":{"start":{"line":92,"column":19},"end":{"line":94,"column":null}},"23":{"start":{"line":97,"column":6},"end":{"line":99,"column":7}},"24":{"start":{"line":98,"column":8},"end":{"line":98,"column":20}},"25":{"start":{"line":102,"column":30},"end":{"line":102,"column":86}},"26":{"start":{"line":104,"column":6},"end":{"line":106,"column":7}},"27":{"start":{"line":105,"column":8},"end":{"line":105,"column":20}},"28":{"start":{"line":109,"column":56},"end":{"line":109,"column":60}},"29":{"start":{"line":110,"column":6},"end":{"line":110,"column":33}},"30":{"start":{"line":113,"column":6},"end":{"line":113,"column":57}},"31":{"start":{"line":114,"column":6},"end":{"line":114,"column":18}},"32":{"start":{"line":128,"column":4},"end":{"line":148,"column":5}},"33":{"start":{"line":129,"column":29},"end":{"line":129,"column":71}},"34":{"start":{"line":131,"column":26},"end":{"line":133,"column":null}},"35":{"start":{"line":137,"column":22},"end":{"line":137,"column":62}},"36":{"start":{"line":139,"column":6},"end":{"line":141,"column":7}},"37":{"start":{"line":140,"column":8},"end":{"line":140,"column":49}},"38":{"start":{"line":143,"column":6},"end":{"line":143,"column":21}},"39":{"start":{"line":146,"column":6},"end":{"line":146,"column":51}},"40":{"start":{"line":147,"column":6},"end":{"line":147,"column":18}},"41":{"start":{"line":159,"column":4},"end":{"line":200,"column":5}},"42":{"start":{"line":160,"column":32},"end":{"line":160,"column":34}},"43":{"start":{"line":161,"column":28},"end":{"line":161,"column":30}},"44":{"start":{"line":163,"column":6},"end":{"line":166,"column":7}},"45":{"start":{"line":164,"column":8},"end":{"line":164,"column":33}},"46":{"start":{"line":165,"column":8},"end":{"line":165,"column":37}},"47":{"start":{"line":168,"column":6},"end":{"line":171,"column":7}},"48":{"start":{"line":169,"column":8},"end":{"line":169,"column":34}},"49":{"start":{"line":170,"column":8},"end":{"line":170,"column":38}},"50":{"start":{"line":173,"column":6},"end":{"line":176,"column":7}},"51":{"start":{"line":174,"column":8},"end":{"line":174,"column":39}},"52":{"start":{"line":175,"column":8},"end":{"line":175,"column":43}},"53":{"start":{"line":178,"column":6},"end":{"line":180,"column":7}},"54":{"start":{"line":179,"column":8},"end":{"line":179,"column":59}},"55":{"start":{"line":182,"column":6},"end":{"line":182,"column":26}},"56":{"start":{"line":184,"column":6},"end":{"line":187,"column":8}},"57":{"start":{"line":189,"column":26},"end":{"line":189,"column":57}},"58":{"start":{"line":191,"column":6},"end":{"line":193,"column":7}},"59":{"start":{"line":192,"column":8},"end":{"line":192,"column":55}},"60":{"start":{"line":195,"column":6},"end":{"line":195,"column":25}},"61":{"start":{"line":198,"column":6},"end":{"line":198,"column":59}},"62":{"start":{"line":199,"column":6},"end":{"line":199,"column":18}},"63":{"start":{"line":207,"column":4},"end":{"line":237,"column":5}},"64":{"start":{"line":209,"column":19},"end":{"line":211,"column":null}},"65":{"start":{"line":214,"column":6},"end":{"line":216,"column":7}},"66":{"start":{"line":215,"column":8},"end":{"line":215,"column":42}},"67":{"start":{"line":219,"column":30},"end":{"line":219,"column":93}},"68":{"start":{"line":221,"column":6},"end":{"line":223,"column":7}},"69":{"start":{"line":222,"column":8},"end":{"line":222,"column":57}},"70":{"start":{"line":226,"column":32},"end":{"line":226,"column":68}},"71":{"start":{"line":229,"column":6},"end":{"line":232,"column":8}},"72":{"start":{"line":235,"column":6},"end":{"line":235,"column":55}},"73":{"start":{"line":236,"column":6},"end":{"line":236,"column":18}},"74":{"start":{"line":244,"column":20},"end":{"line":248,"column":6}},"75":{"start":{"line":250,"column":4},"end":{"line":250,"column":74}},"76":{"start":{"line":257,"column":4},"end":{"line":266,"column":5}},"77":{"start":{"line":258,"column":19},"end":{"line":260,"column":null}},"78":{"start":{"line":262,"column":6},"end":{"line":262,"column":28}},"79":{"start":{"line":264,"column":6},"end":{"line":264,"column":61}},"80":{"start":{"line":265,"column":6},"end":{"line":265,"column":18}},"81":{"start":{"line":273,"column":4},"end":{"line":288,"column":5}},"82":{"start":{"line":274,"column":20},"end":{"line":282,"column":8}},"83":{"start":{"line":284,"column":6},"end":{"line":284,"column":19}},"84":{"start":{"line":286,"column":6},"end":{"line":286,"column":56}},"85":{"start":{"line":287,"column":6},"end":{"line":287,"column":18}},"86":{"start":{"line":10,"column":0},"end":{"line":10,"column":13}}},"fnMap":{"0":{"name":"(anonymous_1)","decl":{"start":{"line":15,"column":2},"end":{"line":15,"column":8}},"loc":{"start":{"line":15,"column":33},"end":{"line":30,"column":3}}},"1":{"name":"(anonymous_2)","decl":{"start":{"line":35,"column":2},"end":{"line":35,"column":8}},"loc":{"start":{"line":35,"column":34},"end":{"line":37,"column":3}}},"2":{"name":"(anonymous_3)","decl":{"start":{"line":42,"column":2},"end":{"line":42,"column":8}},"loc":{"start":{"line":42,"column":44},"end":{"line":45,"column":3}}},"3":{"name":"(anonymous_4)","decl":{"start":{"line":50,"column":2},"end":{"line":50,"column":8}},"loc":{"start":{"line":50,"column":61},"end":{"line":52,"column":3}}},"4":{"name":"(anonymous_5)","decl":{"start":{"line":57,"column":2},"end":{"line":57,"column":8}},"loc":{"start":{"line":57,"column":44},"end":{"line":68,"column":3}}},"5":{"name":"(anonymous_6)","decl":{"start":{"line":73,"column":2},"end":{"line":73,"column":8}},"loc":{"start":{"line":73,"column":38},"end":{"line":84,"column":3}}},"6":{"name":"(anonymous_7)","decl":{"start":{"line":89,"column":2},"end":{"line":89,"column":8}},"loc":{"start":{"line":89,"column":63},"end":{"line":116,"column":3}}},"7":{"name":"(anonymous_8)","decl":{"start":{"line":121,"column":2},"end":{"line":121,"column":8}},"loc":{"start":{"line":127,"column":3},"end":{"line":149,"column":3}}},"8":{"name":"(anonymous_9)","decl":{"start":{"line":154,"column":2},"end":{"line":154,"column":8}},"loc":{"start":{"line":158,"column":3},"end":{"line":201,"column":3}}},"9":{"name":"(anonymous_10)","decl":{"start":{"line":206,"column":2},"end":{"line":206,"column":8}},"loc":{"start":{"line":206,"column":90},"end":{"line":238,"column":3}}},"10":{"name":"(anonymous_11)","decl":{"start":{"line":243,"column":2},"end":{"line":243,"column":8}},"loc":{"start":{"line":243,"column":50},"end":{"line":251,"column":3}}},"11":{"name":"(anonymous_12)","decl":{"start":{"line":256,"column":2},"end":{"line":256,"column":8}},"loc":{"start":{"line":256,"column":46},"end":{"line":267,"column":3}}},"12":{"name":"(anonymous_13)","decl":{"start":{"line":272,"column":2},"end":{"line":272,"column":8}},"loc":{"start":{"line":272,"column":27},"end":{"line":289,"column":3}}}},"branchMap":{"0":{"loc":{"start":{"line":22,"column":19},"end":{"line":22,"column":62}},"type":"binary-expr","locations":[{"start":{"line":22,"column":19},"end":{"line":22,"column":41}},{"start":{"line":22,"column":45},"end":{"line":22,"column":62}}]},"1":{"loc":{"start":{"line":36,"column":29},"end":{"line":36,"column":72}},"type":"binary-expr","locations":[{"start":{"line":36,"column":29},"end":{"line":36,"column":51}},{"start":{"line":36,"column":55},"end":{"line":36,"column":72}}]},"2":{"loc":{"start":{"line":63,"column":13},"end":{"line":63,"column":25}},"type":"binary-expr","locations":[{"start":{"line":63,"column":13},"end":{"line":63,"column":17}},{"start":{"line":63,"column":21},"end":{"line":63,"column":25}}]},"3":{"loc":{"start":{"line":79,"column":13},"end":{"line":79,"column":25}},"type":"binary-expr","locations":[{"start":{"line":79,"column":13},"end":{"line":79,"column":17}},{"start":{"line":79,"column":21},"end":{"line":79,"column":25}}]},"4":{"loc":{"start":{"line":97,"column":6},"end":{"line":99,"column":7}},"type":"if","locations":[{"start":{"line":97,"column":6},"end":{"line":99,"column":7}}]},"5":{"loc":{"start":{"line":104,"column":6},"end":{"line":106,"column":7}},"type":"if","locations":[{"start":{"line":104,"column":6},"end":{"line":106,"column":7}}]},"6":{"loc":{"start":{"line":133,"column":71},"end":{"line":133,"column":98}},"type":"binary-expr","locations":[{"start":{"line":133,"column":71},"end":{"line":133,"column":90}},{"start":{"line":133,"column":94},"end":{"line":133,"column":98}}]},"7":{"loc":{"start":{"line":139,"column":6},"end":{"line":141,"column":7}},"type":"if","locations":[{"start":{"line":139,"column":6},"end":{"line":141,"column":7}}]},"8":{"loc":{"start":{"line":163,"column":6},"end":{"line":166,"column":7}},"type":"if","locations":[{"start":{"line":163,"column":6},"end":{"line":166,"column":7}}]},"9":{"loc":{"start":{"line":168,"column":6},"end":{"line":171,"column":7}},"type":"if","locations":[{"start":{"line":168,"column":6},"end":{"line":171,"column":7}}]},"10":{"loc":{"start":{"line":173,"column":6},"end":{"line":176,"column":7}},"type":"if","locations":[{"start":{"line":173,"column":6},"end":{"line":176,"column":7}}]},"11":{"loc":{"start":{"line":178,"column":6},"end":{"line":180,"column":7}},"type":"if","locations":[{"start":{"line":178,"column":6},"end":{"line":180,"column":7}}]},"12":{"loc":{"start":{"line":191,"column":6},"end":{"line":193,"column":7}},"type":"if","locations":[{"start":{"line":191,"column":6},"end":{"line":193,"column":7}}]},"13":{"loc":{"start":{"line":214,"column":6},"end":{"line":216,"column":7}},"type":"if","locations":[{"start":{"line":214,"column":6},"end":{"line":216,"column":7}}]},"14":{"loc":{"start":{"line":221,"column":6},"end":{"line":223,"column":7}},"type":"if","locations":[{"start":{"line":221,"column":6},"end":{"line":223,"column":7}}]},"15":{"loc":{"start":{"line":250,"column":29},"end":{"line":250,"column":72}},"type":"binary-expr","locations":[{"start":{"line":250,"column":29},"end":{"line":250,"column":51}},{"start":{"line":250,"column":55},"end":{"line":250,"column":72}}]}},"s":{"0":0,"1":0,"2":0,"3":0,"4":0,"5":0,"6":0,"7":0,"8":0,"9":0,"10":0,"11":0,"12":0,"13":0,"14":0,"15":0,"16":0,"17":0,"18":0,"19":0,"20":0,"21":0,"22":0,"23":0,"24":0,"25":0,"26":0,"27":0,"28":0,"29":0,"30":0,"31":0,"32":0,"33":0,"34":0,"35":0,"36":0,"37":0,"38":0,"39":0,"40":0,"41":0,"42":0,"43":0,"44":0,"45":0,"46":0,"47":0,"48":0,"49":0,"50":0,"51":0,"52":0,"53":0,"54":0,"55":0,"56":0,"57":0,"58":0,"59":0,"60":0,"61":0,"62":0,"63":0,"64":0,"65":0,"66":0,"67":0,"68":0,"69":0,"70":0,"71":0,"72":0,"73":0,"74":0,"75":0,"76":0,"77":0,"78":0,"79":0,"80":0,"81":0,"82":0,"83":0,"84":0,"85":0,"86":0},"f":{"0":0,"1":0,"2":0,"3":0,"4":0,"5":0,"6":0,"7":0,"8":0,"9":0,"10":0,"11":0,"12":0},"b":{"0":[0,0],"1":[0,0],"2":[0,0],"3":[0,0],"4":[0],"5":[0],"6":[0,0],"7":[0],"8":[0],"9":[0],"10":[0],"11":[0],"12":[0],"13":[0],"14":[0],"15":[0,0]}}
,"C:\\Users\\shiha\\OneDrive\\Desktop\\SE project\\full-elms-backend\\src\\utils\\database.ts": {"path":"C:\\Users\\shiha\\OneDrive\\Desktop\\SE project\\full-elms-backend\\src\\utils\\database.ts","statementMap":{"0":{"start":{"line":1,"column":0},"end":{"line":1,"column":35}},"1":{"start":{"line":2,"column":0},"end":{"line":2,"column":28}},"2":{"start":{"line":4,"column":0},"end":{"line":4,"column":16}},"3":{"start":{"line":7,"column":17},"end":{"line":16,"column":2}},"4":{"start":{"line":19,"column":13},"end":{"line":19,"column":39}},"5":{"start":{"line":24,"column":31},"end":{"line":38,"column":1}},"6":{"start":{"line":25,"column":2},"end":{"line":37,"column":3}},"7":{"start":{"line":26,"column":23},"end":{"line":26,"column":49}},"8":{"start":{"line":27,"column":4},"end":{"line":27,"column":53}},"9":{"start":{"line":30,"column":19},"end":{"line":30,"column":63}},"10":{"start":{"line":32,"column":4},"end":{"line":32,"column":25}},"11":{"start":{"line":33,"column":4},"end":{"line":33,"column":52}},"12":{"start":{"line":35,"column":4},"end":{"line":35,"column":58}},"13":{"start":{"line":36,"column":4},"end":{"line":36,"column":16}},"14":{"start":{"line":24,"column":13},"end":{"line":24,"column":31}},"15":{"start":{"line":43,"column":21},"end":{"line":53,"column":1}},"16":{"start":{"line":44,"column":2},"end":{"line":52,"column":3}},"17":{"start":{"line":45,"column":19},"end":{"line":45,"column":50}},"18":{"start":{"line":46,"column":4},"end":{"line":46,"column":16}},"19":{"start":{"line":48,"column":4},"end":{"line":48,"column":50}},"20":{"start":{"line":49,"column":4},"end":{"line":49,"column":31}},"21":{"start":{"line":50,"column":4},"end":{"line":50,"column":37}},"22":{"start":{"line":51,"column":4},"end":{"line":51,"column":16}},"23":{"start":{"line":43,"column":13},"end":{"line":43,"column":21}},"24":{"start":{"line":58,"column":24},"end":{"line":65,"column":1}},"25":{"start":{"line":59,"column":2},"end":{"line":64,"column":3}},"26":{"start":{"line":60,"column":17},"end":{"line":60,"column":41}},"27":{"start":{"line":61,"column":4},"end":{"line":61,"column":67}},"28":{"start":{"line":63,"column":4},"end":{"line":63,"column":16}},"29":{"start":{"line":58,"column":13},"end":{"line":58,"column":24}},"30":{"start":{"line":70,"column":32},"end":{"line":74,"column":1}},"31":{"start":{"line":71,"column":21},"end":{"line":71,"column":47}},"32":{"start":{"line":72,"column":2},"end":{"line":72,"column":38}},"33":{"start":{"line":73,"column":2},"end":{"line":73,"column":20}},"34":{"start":{"line":70,"column":13},"end":{"line":70,"column":32}},"35":{"start":{"line":79,"column":32},"end":{"line":91,"column":1}},"36":{"start":{"line":84,"column":2},"end":{"line":90,"column":3}},"37":{"start":{"line":85,"column":19},"end":{"line":85,"column":56}},"38":{"start":{"line":86,"column":4},"end":{"line":86,"column":16}},"39":{"start":{"line":88,"column":4},"end":{"line":88,"column":53}},"40":{"start":{"line":89,"column":4},"end":{"line":89,"column":16}},"41":{"start":{"line":79,"column":13},"end":{"line":79,"column":32}},"42":{"start":{"line":96,"column":33},"end":{"line":99,"column":1}},"43":{"start":{"line":97,"column":2},"end":{"line":97,"column":28}},"44":{"start":{"line":98,"column":2},"end":{"line":98,"column":23}},"45":{"start":{"line":96,"column":13},"end":{"line":96,"column":33}},"46":{"start":{"line":104,"column":35},"end":{"line":107,"column":1}},"47":{"start":{"line":105,"column":2},"end":{"line":105,"column":30}},"48":{"start":{"line":106,"column":2},"end":{"line":106,"column":23}},"49":{"start":{"line":104,"column":13},"end":{"line":104,"column":35}},"50":{"start":{"line":112,"column":23},"end":{"line":112,"column":33}},"51":{"start":{"line":112,"column":29},"end":{"line":112,"column":33}},"52":{"start":{"line":112,"column":13},"end":{"line":112,"column":23}},"53":{"start":{"line":114,"column":0},"end":{"line":123,"column":2}}},"fnMap":{"0":{"name":"(anonymous_1)","decl":{"start":{"line":24,"column":31},"end":{"line":24,"column":36}},"loc":{"start":{"line":24,"column":57},"end":{"line":38,"column":1}}},"1":{"name":"(anonymous_2)","decl":{"start":{"line":43,"column":21},"end":{"line":43,"column":26}},"loc":{"start":{"line":43,"column":77},"end":{"line":53,"column":1}}},"2":{"name":"(anonymous_3)","decl":{"start":{"line":58,"column":24},"end":{"line":58,"column":29}},"loc":{"start":{"line":58,"column":80},"end":{"line":65,"column":1}}},"3":{"name":"(anonymous_4)","decl":{"start":{"line":70,"column":32},"end":{"line":70,"column":37}},"loc":{"start":{"line":70,"column":43},"end":{"line":74,"column":1}}},"4":{"name":"(anonymous_5)","decl":{"start":{"line":79,"column":32},"end":{"line":79,"column":37}},"loc":{"start":{"line":83,"column":18},"end":{"line":91,"column":1}}},"5":{"name":"(anonymous_6)","decl":{"start":{"line":96,"column":33},"end":{"line":96,"column":38}},"loc":{"start":{"line":96,"column":76},"end":{"line":99,"column":1}}},"6":{"name":"(anonymous_7)","decl":{"start":{"line":104,"column":35},"end":{"line":104,"column":40}},"loc":{"start":{"line":104,"column":78},"end":{"line":107,"column":1}}},"7":{"name":"(anonymous_8)","decl":{"start":{"line":112,"column":23},"end":{"line":112,"column":26}},"loc":{"start":{"line":112,"column":29},"end":{"line":112,"column":33}}}},"branchMap":{"0":{"loc":{"start":{"line":8,"column":8},"end":{"line":8,"column":42}},"type":"binary-expr","locations":[{"start":{"line":8,"column":8},"end":{"line":8,"column":27}},{"start":{"line":8,"column":31},"end":{"line":8,"column":42}}]},"1":{"loc":{"start":{"line":9,"column":17},"end":{"line":9,"column":46}},"type":"binary-expr","locations":[{"start":{"line":9,"column":17},"end":{"line":9,"column":36}},{"start":{"line":9,"column":40},"end":{"line":9,"column":46}}]},"2":{"loc":{"start":{"line":10,"column":8},"end":{"line":10,"column":37}},"type":"binary-expr","locations":[{"start":{"line":10,"column":8},"end":{"line":10,"column":27}},{"start":{"line":10,"column":31},"end":{"line":10,"column":37}}]},"3":{"loc":{"start":{"line":11,"column":12},"end":{"line":11,"column":41}},"type":"binary-expr","locations":[{"start":{"line":11,"column":12},"end":{"line":11,"column":35}},{"start":{"line":11,"column":39},"end":{"line":11,"column":41}}]},"4":{"loc":{"start":{"line":12,"column":12},"end":{"line":12,"column":41}},"type":"binary-expr","locations":[{"start":{"line":12,"column":12},"end":{"line":12,"column":31}},{"start":{"line":12,"column":35},"end":{"line":12,"column":41}}]},"5":{"loc":{"start":{"line":43,"column":41},"end":{"line":43,"column":59}},"type":"default-arg","locations":[{"start":{"line":43,"column":57},"end":{"line":43,"column":59}}]},"6":{"loc":{"start":{"line":58,"column":44},"end":{"line":58,"column":62}},"type":"default-arg","locations":[{"start":{"line":58,"column":60},"end":{"line":58,"column":62}}]},"7":{"loc":{"start":{"line":61,"column":11},"end":{"line":61,"column":66}},"type":"cond-expr","locations":[{"start":{"line":61,"column":52},"end":{"line":61,"column":59}},{"start":{"line":61,"column":62},"end":{"line":61,"column":66}}]},"8":{"loc":{"start":{"line":61,"column":11},"end":{"line":61,"column":49}},"type":"binary-expr","locations":[{"start":{"line":61,"column":11},"end":{"line":61,"column":30}},{"start":{"line":61,"column":34},"end":{"line":61,"column":49}}]},"9":{"loc":{"start":{"line":82,"column":2},"end":{"line":82,"column":20}},"type":"default-arg","locations":[{"start":{"line":82,"column":18},"end":{"line":82,"column":20}}]}},"s":{"0":0,"1":0,"2":0,"3":0,"4":0,"5":0,"6":0,"7":0,"8":0,"9":0,"10":0,"11":0,"12":0,"13":0,"14":0,"15":0,"16":0,"17":0,"18":0,"19":0,"20":0,"21":0,"22":0,"23":0,"24":0,"25":0,"26":0,"27":0,"28":0,"29":0,"30":0,"31":0,"32":0,"33":0,"34":0,"35":0,"36":0,"37":0,"38":0,"39":0,"40":0,"41":0,"42":0,"43":0,"44":0,"45":0,"46":0,"47":0,"48":0,"49":0,"50":0,"51":0,"52":0,"53":0},"f":{"0":0,"1":0,"2":0,"3":0,"4":0,"5":0,"6":0,"7":0},"b":{"0":[0,0],"1":[0,0],"2":[0,0],"3":[0,0],"4":[0,0],"5":[0],"6":[0],"7":[0,0],"8":[0,0],"9":[0]}}
}
