TN:
SF:src\app.ts
FN:75,(anonymous_1)
FN:86,(anonymous_2)
FN:101,(anonymous_3)
FN:109,(anonymous_4)
FN:116,(anonymous_5)
FN:153,(anonymous_6)
FN:167,(anonymous_7)
FN:218,(anonymous_8)
FN:252,(anonymous_9)
FN:260,(anonymous_10)
FN:268,(anonymous_11)
FN:277,(anonymous_12)
FN:290,startServer
FN:297,(anonymous_14)
FN:311,(anonymous_15)
FN:313,(anonymous_16)
FN:319,(anonymous_17)
FN:325,(anonymous_18)
FN:327,(anonymous_19)
FNF:19
FNH:0
FNDA:0,(anonymous_1)
FNDA:0,(anonymous_2)
FNDA:0,(anonymous_3)
FNDA:0,(anonymous_4)
FNDA:0,(anonymous_5)
FNDA:0,(anonymous_6)
FNDA:0,(anonymous_7)
FNDA:0,(anonymous_8)
FNDA:0,(anonymous_9)
FNDA:0,(anonymous_10)
FNDA:0,(anonymous_11)
FNDA:0,(anonymous_12)
FNDA:0,startServer
FNDA:0,(anonymous_14)
FNDA:0,(anonymous_15)
FNDA:0,(anonymous_16)
FNDA:0,(anonymous_17)
FNDA:0,(anonymous_18)
FNDA:0,(anonymous_19)
DA:1,0
DA:2,0
DA:3,0
DA:4,0
DA:5,0
DA:6,0
DA:7,0
DA:8,0
DA:11,0
DA:14,0
DA:15,0
DA:16,0
DA:19,0
DA:20,0
DA:21,0
DA:22,0
DA:25,0
DA:29,0
DA:30,0
DA:33,0
DA:41,0
DA:44,0
DA:56,0
DA:65,0
DA:68,0
DA:69,0
DA:72,0
DA:75,0
DA:76,0
DA:85,0
DA:88,0
DA:89,0
DA:95,0
DA:96,0
DA:97,0
DA:98,0
DA:101,0
DA:102,0
DA:105,0
DA:106,0
DA:109,0
DA:110,0
DA:111,0
DA:112,0
DA:116,0
DA:117,0
DA:119,0
DA:120,0
DA:123,0
DA:132,0
DA:133,0
DA:134,0
DA:137,0
DA:138,0
DA:141,0
DA:147,0
DA:148,0
DA:153,0
DA:154,0
DA:155,0
DA:156,0
DA:159,0
DA:167,0
DA:175,0
DA:177,0
DA:178,0
DA:181,0
DA:187,0
DA:190,0
DA:195,0
DA:208,0
DA:210,0
DA:212,0
DA:213,0
DA:218,0
DA:219,0
DA:221,0
DA:222,0
DA:225,0
DA:230,0
DA:231,0
DA:232,0
DA:236,0
DA:242,0
DA:244,0
DA:246,0
DA:247,0
DA:252,0
DA:253,0
DA:260,0
DA:261,0
DA:268,0
DA:269,0
DA:274,0
DA:277,0
DA:278,0
DA:285,0
DA:288,0
DA:291,0
DA:293,0
DA:294,0
DA:297,0
DA:298,0
DA:299,0
DA:300,0
DA:301,0
DA:305,0
DA:306,0
DA:311,0
DA:312,0
DA:313,0
DA:314,0
DA:319,0
DA:320,0
DA:321,0
DA:325,0
DA:326,0
DA:327,0
DA:328,0
DA:333,0
DA:335,0
DA:336,0
LF:122
LH:0
BRDA:35,0,0,0
BRDA:35,0,1,0
BRDA:46,1,0,0
BRDA:46,1,1,0
BRDA:57,2,0,0
BRDA:57,2,1,0
BRDA:58,3,0,0
BRDA:58,3,1,0
BRDA:88,4,0,0
BRDA:132,5,0,0
BRDA:175,6,0,0
BRDA:175,7,0,0
BRDA:200,8,0,0
BRDA:200,8,1,0
BRDA:230,9,0,0
BRDA:230,10,0,0
BRDA:230,10,1,0
BRDA:269,11,0,0
BRDA:269,11,1,0
BRDA:288,12,0,0
BRDA:288,12,1,0
BRDA:301,13,0,0
BRDA:301,13,1,0
BRF:23
BRH:0
end_of_record
TN:
SF:src\controllers\adminController.ts
FN:13,(anonymous_0)
FN:80,(anonymous_1)
FN:143,(anonymous_2)
FN:208,(anonymous_3)
FN:265,(anonymous_4)
FN:338,(anonymous_5)
FN:372,(anonymous_6)
FN:427,(anonymous_7)
FN:471,(anonymous_8)
FN:506,(anonymous_9)
FN:596,(anonymous_10)
FN:652,(anonymous_11)
FN:713,(anonymous_12)
FN:775,(anonymous_13)
FN:842,(anonymous_14)
FN:897,(anonymous_15)
FN:952,(anonymous_16)
FN:1021,(anonymous_17)
FN:1111,(anonymous_18)
FN:1157,(anonymous_19)
FN:1186,(anonymous_20)
FN:1210,(anonymous_21)
FN:1266,(anonymous_22)
FN:1275,(anonymous_23)
FNF:24
FNH:0
FNDA:0,(anonymous_0)
FNDA:0,(anonymous_1)
FNDA:0,(anonymous_2)
FNDA:0,(anonymous_3)
FNDA:0,(anonymous_4)
FNDA:0,(anonymous_5)
FNDA:0,(anonymous_6)
FNDA:0,(anonymous_7)
FNDA:0,(anonymous_8)
FNDA:0,(anonymous_9)
FNDA:0,(anonymous_10)
FNDA:0,(anonymous_11)
FNDA:0,(anonymous_12)
FNDA:0,(anonymous_13)
FNDA:0,(anonymous_14)
FNDA:0,(anonymous_15)
FNDA:0,(anonymous_16)
FNDA:0,(anonymous_17)
FNDA:0,(anonymous_18)
FNDA:0,(anonymous_19)
FNDA:0,(anonymous_20)
FNDA:0,(anonymous_21)
FNDA:0,(anonymous_22)
FNDA:0,(anonymous_23)
DA:2,0
DA:6,0
DA:14,0
DA:15,0
DA:16,0
DA:17,0
DA:19,0
DA:22,0
DA:46,0
DA:50,0
DA:51,0
DA:53,0
DA:68,0
DA:69,0
DA:81,0
DA:89,0
DA:91,0
DA:94,0
DA:99,0
DA:100,0
DA:107,0
DA:113,0
DA:115,0
DA:131,0
DA:132,0
DA:144,0
DA:145,0
DA:153,0
DA:155,0
DA:158,0
DA:163,0
DA:164,0
DA:171,0
DA:176,0
DA:177,0
DA:183,0
DA:191,0
DA:196,0
DA:197,0
DA:209,0
DA:210,0
DA:211,0
DA:214,0
DA:219,0
DA:220,0
DA:227,0
DA:232,0
DA:234,0
DA:235,0
DA:241,0
DA:246,0
DA:251,0
DA:252,0
DA:266,0
DA:267,0
DA:268,0
DA:269,0
DA:270,0
DA:271,0
DA:273,0
DA:275,0
DA:276,0
DA:278,0
DA:279,0
DA:280,0
DA:283,0
DA:284,0
DA:285,0
DA:286,0
DA:290,0
DA:304,0
DA:308,0
DA:309,0
DA:311,0
DA:326,0
DA:327,0
DA:339,0
DA:340,0
DA:342,0
DA:355,0
DA:360,0
DA:361,0
DA:373,0
DA:374,0
DA:376,0
DA:379,0
DA:384,0
DA:385,0
DA:392,0
DA:397,0
DA:398,0
DA:405,0
DA:410,0
DA:415,0
DA:416,0
DA:428,0
DA:429,0
DA:431,0
DA:434,0
DA:439,0
DA:440,0
DA:447,0
DA:452,0
DA:457,0
DA:458,0
DA:472,0
DA:473,0
DA:474,0
DA:476,0
DA:489,0
DA:494,0
DA:495,0
DA:507,0
DA:508,0
DA:510,0
DA:513,0
DA:518,0
DA:519,0
DA:525,0
DA:528,0
DA:537,0
DA:538,0
DA:544,0
DA:547,0
DA:548,0
DA:555,0
DA:560,0
DA:561,0
DA:568,0
DA:574,0
DA:579,0
DA:584,0
DA:585,0
DA:597,0
DA:598,0
DA:600,0
DA:603,0
DA:608,0
DA:609,0
DA:615,0
DA:618,0
DA:624,0
DA:625,0
DA:631,0
DA:636,0
DA:637,0
DA:653,0
DA:654,0
DA:655,0
DA:658,0
DA:668,0
DA:669,0
DA:676,0
DA:693,0
DA:701,0
DA:702,0
DA:714,0
DA:715,0
DA:716,0
DA:719,0
DA:729,0
DA:730,0
DA:737,0
DA:755,0
DA:763,0
DA:764,0
DA:776,0
DA:777,0
DA:778,0
DA:781,0
DA:799,0
DA:800,0
DA:807,0
DA:820,0
DA:828,0
DA:829,0
DA:843,0
DA:844,0
DA:845,0
DA:848,0
DA:853,0
DA:854,0
DA:861,0
DA:862,0
DA:863,0
DA:866,0
DA:872,0
DA:874,0
DA:885,0
DA:886,0
DA:898,0
DA:899,0
DA:900,0
DA:903,0
DA:908,0
DA:909,0
DA:916,0
DA:917,0
DA:918,0
DA:921,0
DA:927,0
DA:929,0
DA:940,0
DA:941,0
DA:953,0
DA:954,0
DA:957,0
DA:966,0
DA:974,0
DA:980,0
DA:987,0
DA:994,0
DA:1007,0
DA:1008,0
DA:1022,0
DA:1023,0
DA:1025,0
DA:1094,0
DA:1099,0
DA:1100,0
DA:1112,0
DA:1113,0
DA:1114,0
DA:1116,0
DA:1121,0
DA:1124,0
DA:1125,0
DA:1132,0
DA:1145,0
DA:1146,0
DA:1158,0
DA:1159,0
DA:1160,0
DA:1161,0
DA:1163,0
DA:1169,0
DA:1174,0
DA:1175,0
DA:1187,0
DA:1188,0
DA:1189,0
DA:1191,0
DA:1193,0
DA:1198,0
DA:1199,0
DA:1211,0
DA:1212,0
DA:1213,0
DA:1215,0
DA:1216,0
DA:1218,0
DA:1219,0
DA:1220,0
DA:1223,0
DA:1224,0
DA:1225,0
DA:1228,0
DA:1230,0
DA:1232,0
DA:1249,0
DA:1254,0
DA:1255,0
DA:1267,0
DA:1268,0
DA:1269,0
DA:1271,0
DA:1272,0
DA:1274,0
DA:1275,0
DA:1276,0
DA:1277,0
DA:1280,0
DA:1286,0
DA:1291,0
DA:1292,0
LF:275
LH:0
BRDA:15,0,0,0
BRDA:15,0,1,0
BRDA:16,1,0,0
BRDA:16,1,1,0
BRDA:99,2,0,0
BRDA:110,3,0,0
BRDA:110,3,1,0
BRDA:122,4,0,0
BRDA:122,4,1,0
BRDA:163,5,0,0
BRDA:176,6,0,0
BRDA:219,7,0,0
BRDA:234,8,0,0
BRDA:267,9,0,0
BRDA:267,9,1,0
BRDA:268,10,0,0
BRDA:268,10,1,0
BRDA:278,11,0,0
BRDA:278,12,0,0
BRDA:278,12,1,0
BRDA:283,13,0,0
BRDA:384,14,0,0
BRDA:397,15,0,0
BRDA:439,16,0,0
BRDA:518,17,0,0
BRDA:537,18,0,0
BRDA:547,19,0,0
BRDA:560,20,0,0
BRDA:608,21,0,0
BRDA:624,22,0,0
BRDA:668,23,0,0
BRDA:729,24,0,0
BRDA:799,25,0,0
BRDA:853,26,0,0
BRDA:908,27,0,0
BRDA:1119,28,0,0
BRDA:1119,28,1,0
BRDA:1124,29,0,0
BRDA:1212,30,0,0
BRDA:1212,31,0,0
BRDA:1218,32,0,0
BRDA:1223,33,0,0
BRDA:1228,34,0,0
BRDA:1228,34,1,0
BRDA:1274,35,0,0
BRDA:1274,36,0,0
BRDA:1274,36,1,0
BRF:47
BRH:0
end_of_record
TN:
SF:src\controllers\aiController.ts
FN:18,(anonymous_9)
FN:129,(anonymous_10)
FN:149,(anonymous_11)
FN:182,(anonymous_12)
FN:272,(anonymous_13)
FN:305,(anonymous_14)
FNF:6
FNH:0
FNDA:0,(anonymous_9)
FNDA:0,(anonymous_10)
FNDA:0,(anonymous_11)
FNDA:0,(anonymous_12)
FNDA:0,(anonymous_13)
FNDA:0,(anonymous_14)
DA:8,0
DA:10,0
DA:12,0
DA:19,0
DA:20,0
DA:21,0
DA:23,0
DA:24,0
DA:30,0
DA:33,0
DA:38,0
DA:39,0
DA:45,0
DA:49,0
DA:50,0
DA:54,0
DA:55,0
DA:60,0
DA:71,0
DA:74,0
DA:75,0
DA:77,0
DA:84,0
DA:87,0
DA:93,0
DA:100,0
DA:107,0
DA:116,0
DA:117,0
DA:130,0
DA:131,0
DA:132,0
DA:133,0
DA:135,0
DA:149,0
DA:164,0
DA:170,0
DA:171,0
DA:183,0
DA:184,0
DA:185,0
DA:186,0
DA:189,0
DA:204,0
DA:205,0
DA:211,0
DA:214,0
DA:221,0
DA:231,0
DA:241,0
DA:250,0
DA:260,0
DA:261,0
DA:273,0
DA:274,0
DA:275,0
DA:277,0
DA:282,0
DA:287,0
DA:293,0
DA:294,0
DA:306,0
DA:307,0
DA:308,0
DA:310,0
DA:315,0
DA:316,0
DA:322,0
DA:324,0
DA:333,0
DA:334,0
LF:71
LH:0
BRDA:23,0,0,0
BRDA:23,1,0,0
BRDA:23,1,1,0
BRDA:38,2,0,0
BRDA:49,3,0,0
BRDA:54,4,0,0
BRDA:96,5,0,0
BRDA:96,5,1,0
BRDA:120,6,0,0
BRDA:120,6,1,0
BRDA:132,7,0,0
BRDA:132,7,1,0
BRDA:204,8,0,0
BRDA:315,9,0,0
BRF:14
BRH:0
end_of_record
TN:
SF:src\controllers\authController.ts
FN:15,(anonymous_0)
FN:83,(anonymous_1)
FN:107,(anonymous_2)
FN:153,(anonymous_3)
FN:216,(anonymous_4)
FN:274,(anonymous_5)
FN:331,(anonymous_6)
FNF:7
FNH:0
FNDA:0,(anonymous_0)
FNDA:0,(anonymous_1)
FNDA:0,(anonymous_2)
FNDA:0,(anonymous_3)
FNDA:0,(anonymous_4)
FNDA:0,(anonymous_5)
FNDA:0,(anonymous_6)
DA:2,0
DA:9,0
DA:16,0
DA:17,0
DA:20,0
DA:22,0
DA:23,0
DA:27,0
DA:31,0
DA:32,0
DA:36,0
DA:40,0
DA:43,0
DA:44,0
DA:45,0
DA:46,0
DA:47,0
DA:51,0
DA:68,0
DA:70,0
DA:71,0
DA:74,0
DA:75,0
DA:84,0
DA:87,0
DA:88,0
DA:91,0
DA:95,0
DA:98,0
DA:99,0
DA:108,0
DA:109,0
DA:110,0
DA:114,0
DA:118,0
DA:120,0
DA:121,0
DA:125,0
DA:128,0
DA:141,0
DA:144,0
DA:145,0
DA:154,0
DA:155,0
DA:158,0
DA:159,0
DA:160,0
DA:164,0
DA:168,0
DA:177,0
DA:180,0
DA:181,0
DA:182,0
DA:183,0
DA:184,0
DA:187,0
DA:189,0
DA:204,0
DA:207,0
DA:208,0
DA:217,0
DA:218,0
DA:219,0
DA:223,0
DA:226,0
DA:229,0
DA:230,0
DA:231,0
DA:232,0
DA:236,0
DA:241,0
DA:247,0
DA:249,0
DA:262,0
DA:265,0
DA:266,0
DA:275,0
DA:276,0
DA:277,0
DA:281,0
DA:284,0
DA:286,0
DA:287,0
DA:291,0
DA:294,0
DA:295,0
DA:299,0
DA:303,0
DA:305,0
DA:307,0
DA:311,0
DA:314,0
DA:315,0
DA:319,0
DA:322,0
DA:323,0
DA:332,0
DA:333,0
DA:334,0
DA:338,0
DA:341,0
DA:343,0
DA:347,0
DA:350,0
DA:351,0
LF:105
LH:0
BRDA:22,0,0,0
BRDA:31,1,0,0
BRDA:44,2,0,0
BRDA:44,2,1,0
BRDA:46,3,0,0
BRDA:87,4,0,0
BRDA:109,5,0,0
BRDA:120,6,0,0
BRDA:159,7,0,0
BRDA:172,8,0,0
BRDA:172,8,1,0
BRDA:181,9,0,0
BRDA:181,9,1,0
BRDA:183,10,0,0
BRDA:218,11,0,0
BRDA:229,12,0,0
BRDA:229,13,0,0
BRDA:229,13,1,0
BRDA:231,14,0,0
BRDA:231,15,0,0
BRDA:231,15,1,0
BRDA:276,16,0,0
BRDA:286,17,0,0
BRDA:286,18,0,0
BRDA:286,18,1,0
BRDA:294,19,0,0
BRDA:314,20,0,0
BRDA:314,21,0,0
BRDA:314,21,1,0
BRDA:333,22,0,0
BRDA:333,23,0,0
BRDA:333,23,1,0
BRF:32
BRH:0
end_of_record
TN:
SF:src\controllers\chatController.ts
FN:16,(anonymous_0)
FN:117,(anonymous_1)
FN:128,(anonymous_2)
FN:153,(anonymous_3)
FN:264,(anonymous_4)
FN:322,(anonymous_5)
FN:346,(anonymous_6)
FNF:7
FNH:0
FNDA:0,(anonymous_0)
FNDA:0,(anonymous_1)
FNDA:0,(anonymous_2)
FNDA:0,(anonymous_3)
FNDA:0,(anonymous_4)
FNDA:0,(anonymous_5)
FNDA:0,(anonymous_6)
DA:2,0
DA:10,0
DA:17,0
DA:18,0
DA:19,0
DA:21,0
DA:22,0
DA:28,0
DA:31,0
DA:42,0
DA:43,0
DA:49,0
DA:50,0
DA:53,0
DA:60,0
DA:62,0
DA:63,0
DA:67,0
DA:68,0
DA:70,0
DA:74,0
DA:86,0
DA:96,0
DA:104,0
DA:106,0
DA:117,0
DA:128,0
DA:141,0
DA:142,0
DA:154,0
DA:155,0
DA:156,0
DA:157,0
DA:159,0
DA:160,0
DA:166,0
DA:167,0
DA:174,0
DA:175,0
DA:181,0
DA:184,0
DA:195,0
DA:196,0
DA:202,0
DA:205,0
DA:206,0
DA:207,0
DA:212,0
DA:216,0
DA:223,0
DA:232,0
DA:234,0
DA:252,0
DA:253,0
DA:265,0
DA:266,0
DA:267,0
DA:269,0
DA:270,0
DA:276,0
DA:279,0
DA:287,0
DA:288,0
DA:294,0
DA:297,0
DA:307,0
DA:316,0
DA:318,0
DA:322,0
DA:334,0
DA:335,0
DA:347,0
DA:348,0
DA:349,0
DA:351,0
DA:352,0
DA:358,0
DA:361,0
DA:366,0
DA:367,0
DA:373,0
DA:374,0
DA:381,0
DA:386,0
DA:388,0
DA:394,0
DA:395,0
LF:87
LH:0
BRDA:21,0,0,0
BRDA:42,1,0,0
BRDA:60,2,0,0
BRDA:60,2,1,0
BRDA:111,3,0,0
BRDA:111,3,1,0
BRDA:157,4,0,0
BRDA:157,5,0,0
BRDA:159,6,0,0
BRDA:166,7,0,0
BRDA:166,8,0,0
BRDA:166,8,1,0
BRDA:174,9,0,0
BRDA:195,10,0,0
BRDA:205,11,0,0
BRDA:269,12,0,0
BRDA:287,13,0,0
BRDA:351,14,0,0
BRDA:366,15,0,0
BRDA:373,16,0,0
BRF:20
BRH:0
end_of_record
TN:
SF:src\controllers\sectionController.ts
FN:16,(anonymous_0)
FN:101,(anonymous_1)
FN:143,(anonymous_2)
FN:200,(anonymous_3)
FN:295,(anonymous_4)
FN:344,(anonymous_5)
FN:395,(anonymous_6)
FNF:7
FNH:0
FNDA:0,(anonymous_0)
FNDA:0,(anonymous_1)
FNDA:0,(anonymous_2)
FNDA:0,(anonymous_3)
FNDA:0,(anonymous_4)
FNDA:0,(anonymous_5)
FNDA:0,(anonymous_6)
DA:2,0
DA:10,0
DA:17,0
DA:18,0
DA:20,0
DA:23,0
DA:28,0
DA:29,0
DA:36,0
DA:37,0
DA:42,0
DA:43,0
DA:51,0
DA:56,0
DA:57,0
DA:64,0
DA:70,0
DA:73,0
DA:82,0
DA:89,0
DA:90,0
DA:102,0
DA:103,0
DA:104,0
DA:106,0
DA:114,0
DA:116,0
DA:117,0
DA:118,0
DA:121,0
DA:123,0
DA:125,0
DA:131,0
DA:132,0
DA:144,0
DA:145,0
DA:146,0
DA:149,0
DA:160,0
DA:161,0
DA:167,0
DA:170,0
DA:179,0
DA:188,0
DA:189,0
DA:201,0
DA:202,0
DA:203,0
DA:205,0
DA:208,0
DA:213,0
DA:214,0
DA:221,0
DA:222,0
DA:227,0
DA:228,0
DA:236,0
DA:237,0
DA:239,0
DA:240,0
DA:241,0
DA:243,0
DA:244,0
DA:245,0
DA:247,0
DA:248,0
DA:249,0
DA:252,0
DA:253,0
DA:259,0
DA:261,0
DA:267,0
DA:276,0
DA:283,0
DA:284,0
DA:296,0
DA:297,0
DA:298,0
DA:301,0
DA:306,0
DA:307,0
DA:314,0
DA:319,0
DA:320,0
DA:326,0
DA:332,0
DA:333,0
DA:345,0
DA:346,0
DA:347,0
DA:349,0
DA:352,0
DA:357,0
DA:358,0
DA:365,0
DA:370,0
DA:371,0
DA:377,0
DA:383,0
DA:384,0
DA:396,0
DA:397,0
DA:398,0
DA:400,0
DA:405,0
DA:406,0
DA:412,0
DA:418,0
DA:419,0
LF:109
LH:0
BRDA:28,0,0,0
BRDA:36,1,0,0
BRDA:42,2,0,0
BRDA:56,3,0,0
BRDA:67,4,0,0
BRDA:67,4,1,0
BRDA:67,5,0,0
BRDA:67,5,1,0
BRDA:116,6,0,0
BRDA:160,7,0,0
BRDA:213,8,0,0
BRDA:221,9,0,0
BRDA:227,10,0,0
BRDA:239,11,0,0
BRDA:243,12,0,0
BRDA:245,13,0,0
BRDA:245,13,1,0
BRDA:247,14,0,0
BRDA:252,15,0,0
BRDA:306,16,0,0
BRDA:319,17,0,0
BRDA:357,18,0,0
BRDA:370,19,0,0
BRDA:405,20,0,0
BRF:24
BRH:0
end_of_record
TN:
SF:src\controllers\studentController.ts
FN:16,(anonymous_9)
FN:67,(anonymous_10)
FN:130,(anonymous_11)
FN:187,(anonymous_12)
FN:252,(anonymous_13)
FN:369,(anonymous_14)
FN:425,(anonymous_15)
FN:511,(anonymous_16)
FN:618,(anonymous_17)
FN:667,(anonymous_18)
FN:721,(anonymous_19)
FN:749,(anonymous_20)
FNF:12
FNH:0
FNDA:0,(anonymous_9)
FNDA:0,(anonymous_10)
FNDA:0,(anonymous_11)
FNDA:0,(anonymous_12)
FNDA:0,(anonymous_13)
FNDA:0,(anonymous_14)
FNDA:0,(anonymous_15)
FNDA:0,(anonymous_16)
FNDA:0,(anonymous_17)
FNDA:0,(anonymous_18)
FNDA:0,(anonymous_19)
FNDA:0,(anonymous_20)
DA:3,0
DA:5,0
DA:6,0
DA:8,0
DA:17,0
DA:18,0
DA:19,0
DA:20,0
DA:22,0
DA:50,0
DA:55,0
DA:56,0
DA:68,0
DA:69,0
DA:70,0
DA:71,0
DA:74,0
DA:79,0
DA:80,0
DA:86,0
DA:104,0
DA:105,0
DA:111,0
DA:116,0
DA:117,0
DA:131,0
DA:132,0
DA:133,0
DA:134,0
DA:135,0
DA:137,0
DA:157,0
DA:159,0
DA:160,0
DA:161,0
DA:164,0
DA:166,0
DA:168,0
DA:173,0
DA:174,0
DA:188,0
DA:189,0
DA:190,0
DA:191,0
DA:193,0
DA:224,0
DA:226,0
DA:227,0
DA:228,0
DA:231,0
DA:233,0
DA:235,0
DA:240,0
DA:241,0
DA:253,0
DA:254,0
DA:255,0
DA:256,0
DA:257,0
DA:258,0
DA:261,0
DA:274,0
DA:275,0
DA:281,0
DA:283,0
DA:284,0
DA:291,0
DA:292,0
DA:293,0
DA:294,0
DA:297,0
DA:303,0
DA:304,0
DA:306,0
DA:308,0
DA:309,0
DA:311,0
DA:317,0
DA:322,0
DA:335,0
DA:337,0
DA:342,0
DA:357,0
DA:358,0
DA:370,0
DA:371,0
DA:372,0
DA:373,0
DA:375,0
DA:399,0
DA:400,0
DA:406,0
DA:411,0
DA:412,0
DA:426,0
DA:427,0
DA:428,0
DA:430,0
DA:492,0
DA:497,0
DA:498,0
DA:512,0
DA:513,0
DA:514,0
DA:515,0
DA:518,0
DA:532,0
DA:533,0
DA:537,0
DA:540,0
DA:543,0
DA:546,0
DA:547,0
DA:551,0
DA:552,0
DA:554,0
DA:565,0
DA:566,0
DA:567,0
DA:571,0
DA:575,0
DA:576,0
DA:579,0
DA:580,0
DA:581,0
DA:582,0
DA:583,0
DA:584,0
DA:585,0
DA:589,0
DA:590,0
DA:591,0
DA:593,0
DA:596,0
DA:597,0
DA:600,0
DA:603,0
DA:604,0
DA:608,0
DA:619,0
DA:620,0
DA:621,0
DA:623,0
DA:641,0
DA:642,0
DA:648,0
DA:653,0
DA:654,0
DA:668,0
DA:669,0
DA:670,0
DA:671,0
DA:673,0
DA:674,0
DA:676,0
DA:677,0
DA:680,0
DA:682,0
DA:696,0
DA:701,0
DA:709,0
DA:710,0
DA:722,0
DA:723,0
DA:724,0
DA:725,0
DA:727,0
DA:732,0
DA:737,0
DA:738,0
DA:750,0
DA:751,0
DA:752,0
DA:754,0
DA:759,0
DA:764,0
DA:765,0
LF:177
LH:0
BRDA:79,0,0,0
BRDA:104,1,0,0
BRDA:159,2,0,0
BRDA:226,3,0,0
BRDA:274,4,0,0
BRDA:283,5,0,0
BRDA:294,6,0,0
BRDA:294,6,1,0
BRDA:306,7,0,0
BRDA:306,7,1,0
BRDA:317,8,0,0
BRDA:317,8,1,0
BRDA:337,9,0,0
BRDA:337,9,1,0
BRDA:351,10,0,0
BRDA:351,10,1,0
BRDA:399,11,0,0
BRDA:532,12,0,0
BRDA:546,13,0,0
BRDA:565,14,0,0
BRDA:580,15,0,0
BRDA:580,15,1,0
BRDA:582,16,0,0
BRDA:582,16,1,0
BRDA:584,17,0,0
BRDA:641,18,0,0
BRDA:670,19,0,0
BRDA:670,20,0,0
BRDA:670,21,0,0
BRDA:676,22,0,0
BRF:30
BRH:0
end_of_record
TN:
SF:src\controllers\teacherController.ts
FN:15,(anonymous_0)
FN:62,(anonymous_1)
FN:150,(anonymous_2)
FN:201,(anonymous_3)
FN:258,(anonymous_4)
FN:320,(anonymous_5)
FN:368,(anonymous_6)
FN:423,(anonymous_7)
FN:496,(anonymous_8)
FN:567,(anonymous_9)
FN:611,(anonymous_10)
FN:678,(anonymous_11)
FN:679,(anonymous_12)
FN:680,(anonymous_13)
FN:711,(anonymous_14)
FN:766,(anonymous_15)
FN:792,(anonymous_16)
FN:842,(anonymous_17)
FN:892,(anonymous_18)
FN:943,(anonymous_19)
FN:1013,(anonymous_20)
FN:1064,(anonymous_21)
FN:1107,(anonymous_22)
FN:1145,(anonymous_23)
FN:1196,(anonymous_24)
FN:1250,(anonymous_25)
FNF:26
FNH:0
FNDA:0,(anonymous_0)
FNDA:0,(anonymous_1)
FNDA:0,(anonymous_2)
FNDA:0,(anonymous_3)
FNDA:0,(anonymous_4)
FNDA:0,(anonymous_5)
FNDA:0,(anonymous_6)
FNDA:0,(anonymous_7)
FNDA:0,(anonymous_8)
FNDA:0,(anonymous_9)
FNDA:0,(anonymous_10)
FNDA:0,(anonymous_11)
FNDA:0,(anonymous_12)
FNDA:0,(anonymous_13)
FNDA:0,(anonymous_14)
FNDA:0,(anonymous_15)
FNDA:0,(anonymous_16)
FNDA:0,(anonymous_17)
FNDA:0,(anonymous_18)
FNDA:0,(anonymous_19)
FNDA:0,(anonymous_20)
FNDA:0,(anonymous_21)
FNDA:0,(anonymous_22)
FNDA:0,(anonymous_23)
FNDA:0,(anonymous_24)
FNDA:0,(anonymous_25)
DA:3,0
DA:6,0
DA:16,0
DA:17,0
DA:18,0
DA:21,0
DA:44,0
DA:49,0
DA:50,0
DA:63,0
DA:64,0
DA:65,0
DA:66,0
DA:69,0
DA:76,0
DA:77,0
DA:84,0
DA:100,0
DA:114,0
DA:127,0
DA:136,0
DA:137,0
DA:151,0
DA:152,0
DA:153,0
DA:154,0
DA:156,0
DA:171,0
DA:173,0
DA:174,0
DA:175,0
DA:178,0
DA:180,0
DA:182,0
DA:187,0
DA:188,0
DA:202,0
DA:203,0
DA:204,0
DA:205,0
DA:206,0
DA:208,0
DA:225,0
DA:227,0
DA:228,0
DA:229,0
DA:232,0
DA:233,0
DA:234,0
DA:237,0
DA:239,0
DA:241,0
DA:246,0
DA:247,0
DA:259,0
DA:260,0
DA:261,0
DA:262,0
DA:264,0
DA:265,0
DA:271,0
DA:274,0
DA:281,0
DA:282,0
DA:289,0
DA:294,0
DA:296,0
DA:308,0
DA:309,0
DA:321,0
DA:322,0
DA:323,0
DA:324,0
DA:327,0
DA:335,0
DA:336,0
DA:343,0
DA:349,0
DA:354,0
DA:355,0
DA:369,0
DA:370,0
DA:371,0
DA:372,0
DA:374,0
DA:395,0
DA:397,0
DA:398,0
DA:399,0
DA:402,0
DA:404,0
DA:406,0
DA:411,0
DA:412,0
DA:424,0
DA:425,0
DA:426,0
DA:427,0
DA:430,0
DA:437,0
DA:438,0
DA:445,0
DA:450,0
DA:453,0
DA:454,0
DA:455,0
DA:465,0
DA:467,0
DA:472,0
DA:484,0
DA:485,0
DA:497,0
DA:498,0
DA:499,0
DA:500,0
DA:501,0
DA:504,0
DA:512,0
DA:513,0
DA:520,0
DA:527,0
DA:528,0
DA:529,0
DA:543,0
DA:545,0
DA:550,0
DA:555,0
DA:556,0
DA:568,0
DA:569,0
DA:570,0
DA:571,0
DA:574,0
DA:582,0
DA:583,0
DA:590,0
DA:592,0
DA:597,0
DA:598,0
DA:612,0
DA:613,0
DA:614,0
DA:615,0
DA:618,0
DA:635,0
DA:636,0
DA:642,0
DA:645,0
DA:677,0
DA:678,0
DA:679,0
DA:680,0
DA:682,0
DA:699,0
DA:700,0
DA:712,0
DA:713,0
DA:714,0
DA:715,0
DA:718,0
DA:733,0
DA:734,0
DA:740,0
DA:741,0
DA:744,0
DA:745,0
DA:747,0
DA:748,0
DA:755,0
DA:756,0
DA:757,0
DA:759,0
DA:760,0
DA:763,0
DA:764,0
DA:766,0
DA:767,0
DA:768,0
DA:769,0
DA:777,0
DA:780,0
DA:781,0
DA:793,0
DA:794,0
DA:795,0
DA:796,0
DA:797,0
DA:800,0
DA:809,0
DA:810,0
DA:817,0
DA:823,0
DA:828,0
DA:829,0
DA:843,0
DA:844,0
DA:845,0
DA:846,0
DA:848,0
DA:864,0
DA:866,0
DA:867,0
DA:868,0
DA:871,0
DA:873,0
DA:875,0
DA:880,0
DA:881,0
DA:893,0
DA:894,0
DA:895,0
DA:896,0
DA:899,0
DA:904,0
DA:905,0
DA:912,0
DA:917,0
DA:919,0
DA:929,0
DA:930,0
DA:944,0
DA:945,0
DA:946,0
DA:948,0
DA:996,0
DA:1001,0
DA:1002,0
DA:1014,0
DA:1015,0
DA:1016,0
DA:1017,0
DA:1020,0
DA:1025,0
DA:1026,0
DA:1032,0
DA:1037,0
DA:1039,0
DA:1052,0
DA:1053,0
DA:1065,0
DA:1066,0
DA:1067,0
DA:1068,0
DA:1069,0
DA:1072,0
DA:1077,0
DA:1078,0
DA:1084,0
DA:1090,0
DA:1095,0
DA:1096,0
DA:1108,0
DA:1109,0
DA:1110,0
DA:1111,0
DA:1114,0
DA:1119,0
DA:1120,0
DA:1126,0
DA:1128,0
DA:1133,0
DA:1134,0
DA:1146,0
DA:1147,0
DA:1148,0
DA:1149,0
DA:1152,0
DA:1157,0
DA:1158,0
DA:1164,0
DA:1169,0
DA:1171,0
DA:1182,0
DA:1183,0
DA:1197,0
DA:1198,0
DA:1199,0
DA:1200,0
DA:1202,0
DA:1203,0
DA:1205,0
DA:1206,0
DA:1209,0
DA:1211,0
DA:1225,0
DA:1230,0
DA:1238,0
DA:1239,0
DA:1251,0
DA:1252,0
DA:1253,0
DA:1254,0
DA:1256,0
DA:1261,0
DA:1266,0
DA:1267,0
LF:296
LH:0
BRDA:76,0,0,0
BRDA:173,1,0,0
BRDA:227,2,0,0
BRDA:232,3,0,0
BRDA:264,4,0,0
BRDA:281,5,0,0
BRDA:335,6,0,0
BRDA:397,7,0,0
BRDA:437,8,0,0
BRDA:453,9,0,0
BRDA:512,10,0,0
BRDA:527,11,0,0
BRDA:582,12,0,0
BRDA:635,13,0,0
BRDA:733,14,0,0
BRDA:747,15,0,0
BRDA:768,16,0,0
BRDA:809,17,0,0
BRDA:866,18,0,0
BRDA:904,19,0,0
BRDA:1025,20,0,0
BRDA:1077,21,0,0
BRDA:1119,22,0,0
BRDA:1157,23,0,0
BRDA:1199,24,0,0
BRDA:1199,25,0,0
BRDA:1199,26,0,0
BRDA:1205,27,0,0
BRF:28
BRH:0
end_of_record
TN:
SF:src\middleware\auth.ts
FN:9,(anonymous_1)
FN:38,(anonymous_2)
FN:39,(anonymous_3)
FN:86,(anonymous_4)
FNF:4
FNH:0
FNDA:0,(anonymous_1)
FNDA:0,(anonymous_2)
FNDA:0,(anonymous_3)
FNDA:0,(anonymous_4)
DA:2,0
DA:9,0
DA:10,0
DA:11,0
DA:13,0
DA:14,0
DA:18,0
DA:21,0
DA:22,0
DA:23,0
DA:24,0
DA:26,0
DA:30,0
DA:38,0
DA:39,0
DA:40,0
DA:41,0
DA:45,0
DA:48,0
DA:50,0
DA:51,0
DA:55,0
DA:58,0
DA:65,0
DA:70,0
DA:75,0
DA:80,0
DA:86,0
DA:87,0
DA:88,0
DA:90,0
DA:91,0
DA:92,0
DA:93,0
DA:96,0
DA:100,0
LF:36
LH:0
BRDA:11,0,0,0
BRDA:11,0,1,0
BRDA:13,1,0,0
BRDA:22,2,0,0
BRDA:22,2,1,0
BRDA:40,3,0,0
BRDA:48,4,0,0
BRDA:48,4,1,0
BRDA:50,5,0,0
BRDA:88,6,0,0
BRDA:88,6,1,0
BRDA:90,7,0,0
BRDA:92,8,0,0
BRDA:92,8,1,0
BRF:14
BRH:0
end_of_record
TN:
SF:src\middleware\errorHandler.ts
FN:3,(anonymous_0)
FN:29,(anonymous_1)
FNF:2
FNH:0
FNDA:0,(anonymous_0)
FNDA:0,(anonymous_1)
DA:3,0
DA:9,0
DA:10,0
DA:13,0
DA:16,0
DA:17,0
DA:18,0
DA:22,0
DA:23,0
DA:24,0
DA:28,0
DA:29,0
DA:30,0
DA:34,0
DA:35,0
DA:36,0
DA:39,0
DA:40,0
DA:41,0
DA:45,0
DA:46,0
DA:47,0
DA:50,0
DA:51,0
DA:52,0
DA:55,0
LF:26
LH:0
BRDA:16,0,0,0
BRDA:22,1,0,0
BRDA:28,2,0,0
BRDA:34,3,0,0
BRDA:39,4,0,0
BRDA:45,5,0,0
BRDA:50,6,0,0
BRDA:55,7,0,0
BRDA:55,7,1,0
BRDA:57,8,0,0
BRDA:57,8,1,0
BRDA:58,9,0,0
BRDA:58,9,1,0
BRF:13
BRH:0
end_of_record
TN:
SF:src\middleware\requestLogger.ts
FN:3,(anonymous_0)
FN:21,(anonymous_1)
FNF:2
FNH:0
FNDA:0,(anonymous_0)
FNDA:0,(anonymous_1)
DA:3,0
DA:4,0
DA:7,0
DA:10,0
DA:11,0
DA:14,0
DA:15,0
DA:17,0
DA:21,0
DA:22,0
DA:23,0
DA:25,0
DA:28,0
LF:13
LH:0
BRDA:10,0,0,0
BRDA:14,1,0,0
BRDA:15,2,0,0
BRDA:23,3,0,0
BRDA:23,3,1,0
BRDA:23,4,0,0
BRDA:23,4,1,0
BRF:7
BRH:0
end_of_record
TN:
SF:src\middleware\upload.ts
FN:13,(anonymous_1)
FN:32,(anonymous_2)
FN:43,(anonymous_3)
FN:78,(anonymous_4)
FNF:4
FNH:0
FNDA:0,(anonymous_1)
FNDA:0,(anonymous_2)
FNDA:0,(anonymous_3)
FNDA:0,(anonymous_4)
DA:1,0
DA:2,0
DA:3,0
DA:6,0
DA:7,0
DA:8,0
DA:12,0
DA:15,0
DA:17,0
DA:18,0
DA:19,0
DA:20,0
DA:21,0
DA:22,0
DA:25,0
DA:26,0
DA:27,0
DA:30,0
DA:34,0
DA:35,0
DA:36,0
DA:38,0
DA:43,0
DA:45,0
DA:51,0
DA:52,0
DA:54,0
DA:55,0
DA:57,0
DA:62,0
DA:72,0
DA:73,0
DA:74,0
DA:75,0
DA:78,0
DA:79,0
DA:80,0
DA:81,0
DA:85,0
DA:86,0
DA:93,0
DA:94,0
DA:100,0
LF:43
LH:0
BRDA:7,0,0,0
BRDA:17,1,0,0
BRDA:17,1,1,0
BRDA:19,2,0,0
BRDA:19,2,1,0
BRDA:21,3,0,0
BRDA:26,4,0,0
BRDA:54,5,0,0
BRDA:54,5,1,0
BRDA:54,6,0,0
BRDA:54,6,1,0
BRDA:66,7,0,0
BRDA:66,7,1,0
BRDA:79,8,0,0
BRDA:80,9,0,0
BRDA:80,9,1,0
BRDA:85,10,0,0
BRDA:93,11,0,0
BRF:18
BRH:0
end_of_record
TN:
SF:src\middleware\validation.ts
FN:8,(anonymous_1)
FN:9,(anonymous_2)
FN:13,(anonymous_3)
FNF:3
FNH:0
FNDA:0,(anonymous_1)
FNDA:0,(anonymous_2)
FNDA:0,(anonymous_3)
DA:1,0
DA:8,0
DA:9,0
DA:10,0
DA:12,0
DA:13,0
DA:14,0
DA:18,0
DA:21,0
DA:26,0
DA:224,0
DA:225,0
DA:226,0
DA:227,0
DA:228,0
DA:229,0
DA:230,0
DA:231,0
DA:232,0
DA:233,0
DA:234,0
DA:235,0
DA:236,0
DA:237,0
DA:238,0
DA:239,0
DA:240,0
DA:241,0
DA:242,0
DA:243,0
DA:246,0
DA:247,0
DA:248,0
DA:249,0
DA:250,0
DA:251,0
LF:36
LH:0
BRDA:8,0,0,0
BRDA:12,1,0,0
BRF:2
BRH:0
end_of_record
TN:
SF:src\routes\admin.ts
FNF:0
FNH:0
DA:1,0
DA:2,0
DA:3,0
DA:4,0
DA:5,0
DA:18,0
DA:21,0
DA:22,0
DA:25,0
DA:26,0
DA:27,0
DA:28,0
DA:31,0
DA:32,0
DA:33,0
DA:34,0
DA:35,0
DA:36,0
DA:37,0
DA:40,0
DA:41,0
DA:42,0
DA:43,0
DA:46,0
DA:47,0
DA:50,0
DA:51,0
DA:52,0
DA:55,0
DA:56,0
DA:57,0
DA:60,0
DA:63,0
DA:64,0
DA:65,0
DA:66,0
DA:67,0
DA:68,0
DA:70,0
LF:39
LH:0
BRF:0
BRH:0
end_of_record
TN:
SF:src\routes\auth.ts
FNF:0
FNH:0
DA:1,0
DA:2,0
DA:3,0
DA:4,0
DA:10,0
DA:13,0
DA:14,0
DA:17,0
DA:18,0
DA:19,0
DA:20,0
DA:23,0
DA:25,0
LF:13
LH:0
BRF:0
BRH:0
end_of_record
TN:
SF:src\routes\student.ts
FNF:0
FNH:0
DA:1,0
DA:2,0
DA:3,0
DA:4,0
DA:5,0
DA:6,0
DA:7,0
DA:12,0
DA:15,0
DA:16,0
DA:19,0
DA:20,0
DA:23,0
DA:24,0
DA:27,0
DA:28,0
DA:29,0
DA:32,0
DA:35,0
DA:38,0
DA:39,0
DA:40,0
DA:43,0
DA:44,0
DA:45,0
DA:46,0
DA:49,0
DA:50,0
DA:51,0
DA:52,0
DA:53,0
DA:55,0
LF:32
LH:0
BRF:0
BRH:0
end_of_record
TN:
SF:src\routes\teacher.ts
FNF:0
FNH:0
DA:1,0
DA:2,0
DA:3,0
DA:4,0
DA:5,0
DA:16,0
DA:19,0
DA:20,0
DA:23,0
DA:24,0
DA:27,0
DA:31,0
DA:34,0
DA:35,0
DA:36,0
DA:39,0
DA:40,0
DA:41,0
DA:42,0
DA:45,0
DA:46,0
DA:47,0
DA:50,0
DA:51,0
DA:52,0
DA:53,0
DA:54,0
DA:57,0
DA:58,0
DA:60,0
LF:30
LH:0
BRF:0
BRH:0
end_of_record
TN:
SF:src\services\aiService.ts
FN:29,chatCompletion
FN:68,buildSystemPrompt
FN:90,formatConversationHistory
FN:96,(anonymous_4)
FN:105,analyzeFileContent
FN:129,generateMaterialSummary
FNF:6
FNH:0
FNDA:0,chatCompletion
FNDA:0,buildSystemPrompt
FNDA:0,formatConversationHistory
FNDA:0,(anonymous_4)
FNDA:0,analyzeFileContent
FNDA:0,generateMaterialSummary
DA:6,0
DA:8,0
DA:9,0
DA:10,0
DA:11,0
DA:12,0
DA:29,0
DA:34,0
DA:35,0
DA:53,0
DA:54,0
DA:55,0
DA:58,0
DA:60,0
DA:61,0
DA:68,0
DA:69,0
DA:90,0
DA:94,0
DA:96,0
DA:105,0
DA:110,0
DA:123,0
DA:129,0
DA:134,0
DA:145,0
DA:148,0
LF:27
LH:0
BRDA:9,0,0,0
BRDA:9,0,1,0
BRDA:10,1,0,0
BRDA:10,1,1,0
BRDA:11,2,0,0
BRDA:11,2,1,0
BRDA:12,3,0,0
BRDA:12,3,1,0
BRDA:31,4,0,0
BRDA:32,5,0,0
BRDA:54,6,0,0
BRDA:60,7,0,0
BRDA:60,7,1,0
BRDA:61,8,0,0
BRDA:61,8,1,0
BRDA:69,9,0,0
BRDA:69,9,1,0
BRDA:92,10,0,0
BRDA:117,11,0,0
BRDA:117,11,1,0
BRDA:141,12,0,0
BRDA:141,12,1,0
BRF:22
BRH:0
end_of_record
TN:
SF:src\services\authService.ts
FN:15,(anonymous_1)
FN:35,(anonymous_2)
FN:42,(anonymous_3)
FN:50,(anonymous_4)
FN:57,(anonymous_5)
FN:73,(anonymous_6)
FN:89,(anonymous_7)
FN:121,(anonymous_8)
FN:154,(anonymous_9)
FN:206,(anonymous_10)
FN:243,(anonymous_11)
FN:256,(anonymous_12)
FN:272,(anonymous_13)
FNF:13
FNH:0
FNDA:0,(anonymous_1)
FNDA:0,(anonymous_2)
FNDA:0,(anonymous_3)
FNDA:0,(anonymous_4)
FNDA:0,(anonymous_5)
FNDA:0,(anonymous_6)
FNDA:0,(anonymous_7)
FNDA:0,(anonymous_8)
FNDA:0,(anonymous_9)
FNDA:0,(anonymous_10)
FNDA:0,(anonymous_11)
FNDA:0,(anonymous_12)
FNDA:0,(anonymous_13)
DA:1,0
DA:2,0
DA:3,0
DA:10,0
DA:16,0
DA:22,0
DA:24,0
DA:29,0
DA:36,0
DA:43,0
DA:44,0
DA:51,0
DA:58,0
DA:59,0
DA:63,0
DA:65,0
DA:66,0
DA:74,0
DA:75,0
DA:79,0
DA:81,0
DA:82,0
DA:90,0
DA:92,0
DA:97,0
DA:98,0
DA:102,0
DA:104,0
DA:105,0
DA:109,0
DA:110,0
DA:113,0
DA:114,0
DA:128,0
DA:129,0
DA:131,0
DA:137,0
DA:139,0
DA:140,0
DA:143,0
DA:146,0
DA:147,0
DA:159,0
DA:160,0
DA:161,0
DA:163,0
DA:164,0
DA:165,0
DA:168,0
DA:169,0
DA:170,0
DA:173,0
DA:174,0
DA:175,0
DA:178,0
DA:179,0
DA:182,0
DA:184,0
DA:189,0
DA:191,0
DA:192,0
DA:195,0
DA:198,0
DA:199,0
DA:207,0
DA:209,0
DA:214,0
DA:215,0
DA:219,0
DA:221,0
DA:222,0
DA:226,0
DA:229,0
DA:235,0
DA:236,0
DA:244,0
DA:250,0
DA:257,0
DA:258,0
DA:262,0
DA:264,0
DA:265,0
DA:273,0
DA:274,0
DA:284,0
DA:286,0
DA:287,0
LF:87
LH:0
BRDA:22,0,0,0
BRDA:22,0,1,0
BRDA:36,1,0,0
BRDA:36,1,1,0
BRDA:63,2,0,0
BRDA:63,2,1,0
BRDA:79,3,0,0
BRDA:79,3,1,0
BRDA:97,4,0,0
BRDA:104,5,0,0
BRDA:133,6,0,0
BRDA:133,6,1,0
BRDA:139,7,0,0
BRDA:163,8,0,0
BRDA:168,9,0,0
BRDA:173,10,0,0
BRDA:178,11,0,0
BRDA:191,12,0,0
BRDA:214,13,0,0
BRDA:221,14,0,0
BRDA:250,15,0,0
BRDA:250,15,1,0
BRF:22
BRH:0
end_of_record
TN:
SF:src\utils\database.ts
FN:24,(anonymous_1)
FN:43,(anonymous_2)
FN:58,(anonymous_3)
FN:70,(anonymous_4)
FN:79,(anonymous_5)
FN:96,(anonymous_6)
FN:104,(anonymous_7)
FN:112,(anonymous_8)
FNF:8
FNH:0
FNDA:0,(anonymous_1)
FNDA:0,(anonymous_2)
FNDA:0,(anonymous_3)
FNDA:0,(anonymous_4)
FNDA:0,(anonymous_5)
FNDA:0,(anonymous_6)
FNDA:0,(anonymous_7)
FNDA:0,(anonymous_8)
DA:1,0
DA:2,0
DA:4,0
DA:7,0
DA:19,0
DA:24,0
DA:25,0
DA:26,0
DA:27,0
DA:30,0
DA:32,0
DA:33,0
DA:35,0
DA:36,0
DA:43,0
DA:44,0
DA:45,0
DA:46,0
DA:48,0
DA:49,0
DA:50,0
DA:51,0
DA:58,0
DA:59,0
DA:60,0
DA:61,0
DA:63,0
DA:70,0
DA:71,0
DA:72,0
DA:73,0
DA:79,0
DA:84,0
DA:85,0
DA:86,0
DA:88,0
DA:89,0
DA:96,0
DA:97,0
DA:98,0
DA:104,0
DA:105,0
DA:106,0
DA:112,0
DA:114,0
LF:45
LH:0
BRDA:8,0,0,0
BRDA:8,0,1,0
BRDA:9,1,0,0
BRDA:9,1,1,0
BRDA:10,2,0,0
BRDA:10,2,1,0
BRDA:11,3,0,0
BRDA:11,3,1,0
BRDA:12,4,0,0
BRDA:12,4,1,0
BRDA:43,5,0,0
BRDA:58,6,0,0
BRDA:61,7,0,0
BRDA:61,7,1,0
BRDA:61,8,0,0
BRDA:61,8,1,0
BRDA:82,9,0,0
BRF:17
BRH:0
end_of_record
